Number of URLs read from the file: 100
Worker 0: Error pinging https://www.t.co: Non-200 HTTP response for https://www.t.co: 404 Not Found
Worker 4: Error pinging https://www.imdb.com: Non-200 HTTP response for https://www.imdb.com: 403 Forbidden
Worker 0: Error pinging https://www.aliexpress.com: Get "https://www.aliexpress.us/?gatewayAdapt=glo2usa&_randl_shipto=US": stopped after 10 redirects
Worker 3: Error pinging https://www.163.com: Non-200 HTTP response for https://www.163.com: 403 Forbidden
Worker 0: Request to https://www.tianya.cn timed out
Worker 3: Request to https://www.google.co.id timed out
Worker 1: Request to https://www.youku.com timed out
Worker 4: Request to https://www.rakuten.co.jp timed out
Worker 2: Request to https://www.craigslist.org timed out
Worker 0: Request to https://www.amazon.de timed out
Worker 3: Request to https://www.nicovideo.jp timed out
Worker 1: Request to https://www.google.pl timed out
Worker 4: Request to https://www.soso.com timed out
Worker 2: Request to https://www.bilibili.com timed out
Worker 3: Request to https://www.xinhuanet.com timed out
Worker 1: Request to https://www.outbrain.com timed out
Worker 4: Request to https://www.pixnet.net timed out
Worker 2: Request to https://www.alibaba.com timed out
Worker 3: Error pinging https://www.microsoftonline.com: Get "https://www.microsoftonline.com": dial tcp: lookup www.microsoftonline.com on 172.22.160.1:53: no such host
Worker 4: Error pinging https://www.googleusercontent.com: Non-200 HTTP response for https://www.googleusercontent.com: 404 Not Found
Worker 0: Request to https://www.alipay.com timed out
Worker 0: Error pinging https://www.googleadservices.com: Non-200 HTTP response for https://www.googleadservices.com: 404 Not Found
Worker 0: Error pinging https://www.accuweather.com: Get "https://www.accuweather.com": stream error: stream ID 1; INTERNAL_ERROR; received from peer
Worker 3: Error pinging https://www.googleweblight.com: Non-200 HTTP response for https://www.googleweblight.com: 404 Not Found
76.00% of the URLs were successfully pinged.
Total time taken to ping URLs: 62.657435
