Number of URLs read from the file: 1000
Worker 3: Error pinging https://www.quora.com: Non-200 HTTP response for https://www.quora.com: 429 Too Many Requests
Worker 1: Error pinging https://www.indeed.com: Non-200 HTTP response for https://www.indeed.com: 403 Forbidden
Worker 1: Error pinging https://www.imdb.com: Non-200 HTTP response for https://www.imdb.com: 403 Forbidden
Worker 2: Error pinging https://www.sciencedirect.com: Non-200 HTTP response for https://www.sciencedirect.com: 403 Forbidden
Worker 3: Error pinging https://www.reverso.net: Non-200 HTTP response for https://www.reverso.net: 403 Forbidden
Worker 1: Error pinging https://www.collinsdictionary.com: Non-200 HTTP response for https://www.collinsdictionary.com: 403 Forbidden
Worker 2: Error pinging https://www.indiatimes.com: Non-200 HTTP response for https://www.indiatimes.com: 403 Forbidden
Worker 0: Error pinging https://www.aliexpress.com: Get "https://www.aliexpress.us/?gatewayAdapt=glo2usa&_randl_shipto=US": stopped after 10 redirects
Worker 0: Error pinging https://www.usnews.com: Get "https://www.usnews.com": stream error: stream ID 1; INTERNAL_ERROR; received from peer
Worker 0: Error pinging https://www.dreamstime.com: Non-200 HTTP response for https://www.dreamstime.com: 403 Forbidden
Worker 0: Error pinging https://www.study.com: Non-200 HTTP response for https://www.study.com: 403 Forbidden
Worker 1: Error pinging https://www.zoominfo.com: Non-200 HTTP response for https://www.zoominfo.com: 403 Forbidden
Worker 1: Error pinging https://www.bab.la: Non-200 HTTP response for https://www.bab.la: 403 Forbidden
Worker 0: Error pinging https://www.ign.com: Non-200 HTTP response for https://www.ign.com: 403 Forbidden
Worker 0: Error pinging https://www.redbubble.com: Non-200 HTTP response for https://www.redbubble.com: 403 Forbidden
Worker 2: Error pinging https://www.glassdoor.com: Non-200 HTTP response for https://www.glassdoor.com: 403 Forbidden
Worker 1: Error pinging https://www.wiley.com: Non-200 HTTP response for https://www.wiley.com: 403 Forbidden
Worker 3: Error pinging https://www.vocabulary.com: Non-200 HTTP response for https://www.vocabulary.com: 403 Forbidden
Worker 2: Error pinging https://www.lowes.com: Get "https://www.lowes.com": stream error: stream ID 1; INTERNAL_ERROR; received from peer
Worker 1: Error pinging https://www.www.nhs.uk: Get "https://www.www.nhs.uk": dial tcp: lookup www.www.nhs.uk on 172.22.160.1:53: no such host
Worker 1: Error pinging https://www.bestbuy.com: Get "https://www.bestbuy.com": stream error: stream ID 1; INTERNAL_ERROR; received from peer
Worker 2: Error pinging https://www.oup.com: Non-200 HTTP response for https://www.oup.com: 403 Forbidden
Worker 3: Error pinging https://www.costco.com: Get "https://www.costco.com": stream error: stream ID 1; INTERNAL_ERROR; received from peer
Worker 4: Error pinging https://www.zillow.com: Non-200 HTTP response for https://www.zillow.com: 403 Forbidden
Worker 2: Error pinging https://www.quizlet.com: Non-200 HTTP response for https://www.quizlet.com: 403 Forbidden
Worker 2: Error pinging https://www.pixabay.com: Non-200 HTTP response for https://www.pixabay.com: 403 Forbidden
Worker 0: Error pinging https://www.studocu.com: Non-200 HTTP response for https://www.studocu.com: 403 Forbidden
Worker 2: Error pinging https://www.www.gov.uk: Get "https://www.www.gov.uk": dial tcp: lookup www.www.gov.uk on 172.22.160.1:53: no such host
Worker 4: Error pinging https://www.niche.com: Non-200 HTTP response for https://www.niche.com: 403 Forbidden
Worker 0: Error pinging https://www.rome2rio.com: Non-200 HTTP response for https://www.rome2rio.com: 403 Forbidden
Worker 0: Error pinging https://www.company-information.service.gov.uk: Get "https://www.company-information.service.gov.uk": dial tcp: lookup www.company-information.service.gov.uk on 172.22.160.1:53: no such host
Worker 3: Error pinging https://www.fazarohana.cfd: Get "https://www.fazarohana.cfd": dial tcp: lookup www.fazarohana.cfd on 172.22.160.1:53: no such host
Worker 1: Error pinging https://www.crunchbase.com: Non-200 HTTP response for https://www.crunchbase.com: 403 Forbidden
Worker 3: Error pinging https://www.justdial.com: Get "https://www.justdial.com/": stopped after 10 redirects
Worker 0: Error pinging https://www.wsj.com: Non-200 HTTP response for https://www.wsj.com: 403 Forbidden
Worker 2: Error pinging https://www.kuharu.site: Get "https://www.kuharu.site": dial tcp: lookup www.kuharu.site on 172.22.160.1:53: server misbehaving
Worker 4: Error pinging https://www.ergez.online: Get "https://www.ergez.online": dial tcp: lookup www.ergez.online on 172.22.160.1:53: server misbehaving
Worker 4: Error pinging https://www.si.com: Non-200 HTTP response for https://www.si.com: 403 Forbidden
Worker 3: Error pinging https://www.bbb.org: Non-200 HTTP response for https://www.bbb.org: 502 Bad Gateway
Worker 2: Error pinging https://www.chegg.com: Non-200 HTTP response for https://www.chegg.com: 403 Forbidden
Worker 0: Error pinging https://www.parade.com: Non-200 HTTP response for https://www.parade.com: 403 Forbidden
Worker 2: Error pinging https://www.realtor.com: Non-200 HTTP response for https://www.realtor.com: 403 Forbidden
Worker 3: Error pinging https://www.marca.com: Non-200 HTTP response for https://www.marca.com: 403 Forbidden
Worker 1: Error pinging https://www.canva.com: Non-200 HTTP response for https://www.canva.com: 403 Forbidden
Worker 2: Error pinging https://www.barnesandnoble.com: Get "https://www.barnesandnoble.com": stream error: stream ID 1; INTERNAL_ERROR; received from peer
Worker 3: Error pinging https://www.wayfair.com: Non-200 HTTP response for https://www.wayfair.com: 429 Too Many Requests
Worker 2: Error pinging https://www.canada.ca: Get "https://www.canada.ca": stream error: stream ID 1; INTERNAL_ERROR; received from peer
Worker 4: Error pinging https://www.accuweather.com: Get "https://www.accuweather.com": stream error: stream ID 1; INTERNAL_ERROR; received from peer
Worker 1: Error pinging https://www.themoviedb.org: Non-200 HTTP response for https://www.themoviedb.org: 403 Forbidden
Worker 0: Error pinging https://www.harcu.online: Get "https://www.harcu.online": dial tcp: lookup www.harcu.online on 172.22.160.1:53: server misbehaving
Worker 4: Error pinging https://www.un.org: Non-200 HTTP response for https://www.un.org: 403 Forbidden
Worker 2: Error pinging https://www.groupon.com: Get "https://www.groupon.com": stream error: stream ID 1; INTERNAL_ERROR; received from peer
Worker 4: Error pinging https://www.apkpure.com: Non-200 HTTP response for https://www.apkpure.com: 403 Forbidden
Worker 2: Error pinging https://www.dnb.com: Get "https://www.dnb.com": stream error: stream ID 1; INTERNAL_ERROR; received from peer
Worker 3: Error pinging https://www.testbook.com: Get "https://www.testbook.com": tls: failed to verify certificate: x509: certificate signed by unknown authority
Worker 0: Error pinging https://www.academic-accelerator.com: Non-200 HTTP response for https://www.academic-accelerator.com: 403 Forbidden
Worker 1: Error pinging https://www.tripadvisor.co.uk: Get "https://www.tripadvisor.co.uk": stream error: stream ID 1; INTERNAL_ERROR; received from peer
Worker 4: Error pinging https://www.kleinanzeigen.de: Get "https://www.kleinanzeigen.de": stream error: stream ID 1; INTERNAL_ERROR; received from peer
Worker 3: Error pinging https://www.newsweek.com: Non-200 HTTP response for https://www.newsweek.com: 403 Forbidden
Worker 0: Error pinging https://www.tandfonline.com: Non-200 HTTP response for https://www.tandfonline.com: 403 Forbidden
Worker 0: Error pinging https://www.macys.com: Non-200 HTTP response for https://www.macys.com: 302 Found
Worker 1: Error pinging https://www.libretexts.org: Get "https://www.libretexts.org": tls: failed to verify certificate: x509: certificate is valid for libretexts.net, not www.libretexts.org
Worker 2: Error pinging https://www.elespanol.com: Non-200 HTTP response for https://www.elespanol.com: 403 Forbidden
Worker 2: Error pinging https://www.chron.com: Non-200 HTTP response for https://www.chron.com: 403 Forbidden
Worker 1: Error pinging https://www.hm.com: Non-200 HTTP response for https://www.hm.com: 403 Forbidden
Worker 0: Error pinging https://www.manta.com: Non-200 HTTP response for https://www.manta.com: 403 Forbidden
Worker 0: Error pinging https://www.doordash.com: Non-200 HTTP response for https://www.doordash.com: 403 Forbidden
Worker 0: Error pinging https://www.com.be: Get "https://www.com.be": dial tcp: lookup www.com.be on 172.22.160.1:53: no such host
Worker 3: Error pinging https://www.brainly.in: Non-200 HTTP response for https://www.brainly.in: 403 Forbidden
Worker 1: Error pinging https://www.e-riset.biz.id: Get "https://www.e-riset.biz.id": dial tcp: lookup www.e-riset.biz.id on 172.22.160.1:53: server misbehaving
Worker 2: Error pinging https://www.elmundo.es: Non-200 HTTP response for https://www.elmundo.es: 403 Forbidden
Worker 1: Error pinging https://www.coursehero.com: Non-200 HTTP response for https://www.coursehero.com: 403 Forbidden
Worker 4: Error pinging https://www.a-z-animals.com: Non-200 HTTP response for https://www.a-z-animals.com: 403 Forbidden
Worker 2: Error pinging https://www.buzzfile.com: Non-200 HTTP response for https://www.buzzfile.com: 403 Forbidden
Worker 2: Error pinging https://www.goodrx.com: Non-200 HTTP response for https://www.goodrx.com: 403 Forbidden
Worker 1: Error pinging https://www.asos.com: Get "https://www.asos.com": stream error: stream ID 1; INTERNAL_ERROR; received from peer
Worker 0: Error pinging https://www.simplyhired.com: Non-200 HTTP response for https://www.simplyhired.com: 403 Forbidden
Worker 0: Error pinging https://www.masterclass.com: Non-200 HTTP response for https://www.masterclass.com: 403 Forbidden
Worker 1: Error pinging https://www.comicbook.com: Non-200 HTTP response for https://www.comicbook.com: 406 Not Acceptable
Worker 0: Error pinging https://www.pexels.com: Non-200 HTTP response for https://www.pexels.com: 403 Forbidden
Worker 4: Error pinging https://www.eventbrite.com: Non-200 HTTP response for https://www.eventbrite.com: 429 Too Many Requests
Worker 4: Error pinging https://www.justanswer.com: Non-200 HTTP response for https://www.justanswer.com: 403 Forbidden
Worker 0: Error pinging https://www.noaa.gov: Non-200 HTTP response for https://www.noaa.gov: 403 Forbidden
Worker 2: Error pinging https://www.planetofhotels.com: Non-200 HTTP response for https://www.planetofhotels.com: 403 Forbidden
Worker 3: Error pinging https://www.kroger.com: Get "https://www.kroger.com": stream error: stream ID 1; INTERNAL_ERROR; received from peer
Worker 0: Error pinging https://www.johnlewis.com: Get "https://www.johnlewis.com": stream error: stream ID 1; INTERNAL_ERROR; received from peer
Worker 2: Error pinging https://www.fauzihidayati.cfd: Get "https://www.fauzihidayati.cfd": dial tcp: lookup www.fauzihidayati.cfd on 172.22.160.1:53: server misbehaving
Worker 4: Error pinging https://www.apartments.com: Get "https://www.apartments.com": stream error: stream ID 1; INTERNAL_ERROR; received from peer
Worker 2: Error pinging https://www.zazzle.com: Non-200 HTTP response for https://www.zazzle.com: 403 Forbidden
Worker 0: Error pinging https://www.e-beasiswa.biz.id: Get "https://www.e-beasiswa.biz.id": dial tcp: lookup www.e-beasiswa.biz.id on 172.22.160.1:53: server misbehaving
Worker 0: Error pinging https://www.pagesjaunes.fr: Non-200 HTTP response for https://www.pagesjaunes.fr: 403 Forbidden
Worker 0: Error pinging https://www.epa.gov: Non-200 HTTP response for https://www.epa.gov: 403 Forbidden
Worker 3: Error pinging https://www.viator.com: Non-200 HTTP response for https://www.viator.com: 403 Forbidden
Worker 2: Error pinging https://www.rozetka.com.ua: Non-200 HTTP response for https://www.rozetka.com.ua: 403 Forbidden
Worker 1: Error pinging https://www.argos.co.uk: Non-200 HTTP response for https://www.argos.co.uk: 403 Forbidden
Worker 1: Error pinging https://www.tokopedia.com: Get "https://www.tokopedia.com": stream error: stream ID 1; INTERNAL_ERROR; received from peer
Worker 4: Error pinging https://www.legacy.com: Non-200 HTTP response for https://www.legacy.com: 403 Forbidden
Worker 1: Error pinging https://www.almaany.com: Non-200 HTTP response for https://www.almaany.com: 403 Forbidden
Worker 3: Error pinging https://www.azurefd.net: Get "https://www.azurefd.net": tls: failed to verify certificate: x509: certificate is valid for *.azureedge.net, *.media.microsoftstream.com, *.origin.mediaservices.windows.net, *.streaming.mediaservices.windows.net, not www.azurefd.net
Worker 4: Error pinging https://www.loopnet.com: Get "https://www.loopnet.com": stream error: stream ID 1; INTERNAL_ERROR; received from peer
Worker 3: Error pinging https://www.outlookindia.com: Non-200 HTTP response for https://www.outlookindia.com: 403 Forbidden
Worker 3: Error pinging https://www.yell.com: Non-200 HTTP response for https://www.yell.com: 403 Forbidden
Worker 2: Error pinging https://www.fnac.com: Get "https://queue.fnac.com/?c=fnacdarty&e=frprdfnaccom&ver=v3-javascript-3.7.10&cver=168&man=FR%20PRD%20FNAC.COM&t=https%3A%2F%2Fwww.fnac.com%2F&kupver=akamai-3.0.9": stopped after 10 redirects
Worker 0: Error pinging https://www.thekitchn.com: Non-200 HTTP response for https://www.thekitchn.com: 403 Forbidden
Worker 1: Error pinging https://www.livejournal.com: Get "https://www.livejournal.com": read tcp 172.22.174.111:36488->81.19.74.1:443: read: connection reset by peer
Worker 3: Error pinging https://www.bizjournals.com: Non-200 HTTP response for https://www.bizjournals.com: 403 Forbidden
Worker 1: Error pinging https://www.cdiscount.com: Non-200 HTTP response for https://www.cdiscount.com: 403 Forbidden
Worker 0: Error pinging https://www.priceline.com: Non-200 HTTP response for https://www.priceline.com: 403 Forbidden
Worker 4: Error pinging https://www.michigan.gov: Non-200 HTTP response for https://www.michigan.gov: 403 Forbidden
Worker 1: Error pinging https://www.letih.online: Get "https://www.letih.online": dial tcp: lookup www.letih.online on 172.22.160.1:53: no such host
Worker 3: Error pinging https://www.picuki.com: Non-200 HTTP response for https://www.picuki.com: 403 Forbidden
Worker 0: Error pinging https://www.lyst.com: Non-200 HTTP response for https://www.lyst.com: 403 Forbidden
Worker 1: Error pinging https://www.virginia.gov: Get "https://www.virginia.gov": tls: failed to verify certificate: x509: certificate signed by unknown authority
Worker 2: Request to https://www.songfacts.com timed out
Worker 2: Error pinging https://www.zara.com: Non-200 HTTP response for https://www.zara.com: 403 Forbidden
Worker 0: Error pinging https://www.tripadvisor.ca: Get "https://www.tripadvisor.ca": stream error: stream ID 1; INTERNAL_ERROR; received from peer
Worker 0: Error pinging https://www.musixmatch.com: Non-200 HTTP response for https://www.musixmatch.com: 404 Not Found
Worker 4: Error pinging https://www.powerthesaurus.org: Non-200 HTTP response for https://www.powerthesaurus.org: 403 Forbidden
Worker 2: Error pinging https://www.artstation.com: Non-200 HTTP response for https://www.artstation.com: 403 Forbidden
Worker 1: Error pinging https://www.harfid.site: Get "https://www.harfid.site": dial tcp: lookup www.harfid.site on 172.22.160.1:53: server misbehaving
Worker 4: Error pinging https://www.unam.mx: Non-200 HTTP response for https://www.unam.mx: 403 Forbidden
Worker 3: Error pinging https://www.farfetch.com: Get "https://www.farfetch.com": stream error: stream ID 1; INTERNAL_ERROR; received from peer
Worker 1: Error pinging https://www.cylex-uk.co.uk: Non-200 HTTP response for https://www.cylex-uk.co.uk: 403 Forbidden
Worker 2: Error pinging https://www.note.com: Get "https://www.note.com": dial tcp: lookup www.note.com on 172.22.160.1:53: no such host
Worker 2: Error pinging https://www.scientificamerican.com: Non-200 HTTP response for https://www.scientificamerican.com: 403 Forbidden
Worker 3: Error pinging https://www.udemy.com: Non-200 HTTP response for https://www.udemy.com: 403 Forbidden
Worker 2: Error pinging https://www.klook.com: Non-200 HTTP response for https://www.klook.com: 403 Forbidden
Worker 0: Error pinging https://www.rae.es: Non-200 HTTP response for https://www.rae.es: 403 Forbidden
Worker 3: Error pinging https://www.hatenablog.com: Non-200 HTTP response for https://www.hatenablog.com: 404 Not Found
Worker 2: Error pinging https://www.bedbathandbeyond.com: Get "https://www.bedbathandbeyond.com": stream error: stream ID 1; INTERNAL_ERROR; received from peer
Worker 1: Error pinging https://www.meesho.com: Non-200 HTTP response for https://www.meesho.com: 403 Forbidden
Worker 4: Error pinging https://www.ingles.com: Non-200 HTTP response for https://www.ingles.com: 400 Bad Request
Worker 4: Error pinging https://www.zendesk.com: Non-200 HTTP response for https://www.zendesk.com: 403 Forbidden
Worker 0: Error pinging https://www.motortrend.com: Non-200 HTTP response for https://www.motortrend.com: 403 Forbidden
Worker 3: Error pinging https://www.olympics.com: Get "https://www.olympics.com": stream error: stream ID 1; INTERNAL_ERROR; received from peer
Worker 0: Error pinging https://www.bringfido.com: Non-200 HTTP response for https://www.bringfido.com: 403 Forbidden
Worker 4: Error pinging https://www.newegg.com: Non-200 HTTP response for https://www.newegg.com: 403 Forbidden
Worker 4: Error pinging https://www.edmunds.com: Get "https://www.edmunds.com": stream error: stream ID 1; INTERNAL_ERROR; received from peer
Worker 3: Error pinging https://www.homes.com: Get "https://www.homes.com": stream error: stream ID 1; INTERNAL_ERROR; received from peer
Worker 1: Error pinging https://www.nasdaq.com: Get "https://www.nasdaq.com": stream error: stream ID 1; INTERNAL_ERROR; received from peer
Worker 0: Error pinging https://www.brainly.lat: Non-200 HTTP response for https://www.brainly.lat: 403 Forbidden
Worker 1: Error pinging https://www.wikimapia.org: Get "https://www.wikimapia.org": tls: failed to verify certificate: x509: certificate is valid for wikimapia.org, not www.wikimapia.org
Worker 4: Error pinging https://www.owgez.online: Get "https://www.owgez.online": dial tcp: lookup www.owgez.online on 172.22.160.1:53: server misbehaving
Worker 0: Error pinging https://www.pikiran-rakyat.com: Non-200 HTTP response for https://www.pikiran-rakyat.com: 403 Forbidden
Worker 2: Error pinging https://www.bhphotovideo.com: Non-200 HTTP response for https://www.bhphotovideo.com: 403 Forbidden
Worker 0: Error pinging https://www.hypebeast.com: Non-200 HTTP response for https://www.hypebeast.com: 403 Forbidden
Worker 1: Error pinging https://www.kompass.com: Non-200 HTTP response for https://www.kompass.com: 403 Forbidden
Worker 1: Error pinging https://www.spanishdict.com: Non-200 HTTP response for https://www.spanishdict.com: 400 Bad Request
Worker 3: Error pinging https://www.oyan.site: Get "https://www.oyan.site": dial tcp: lookup www.oyan.site on 172.22.160.1:53: server misbehaving
Worker 1: Error pinging https://www.tripadvisor.fr: Get "https://www.tripadvisor.fr": stream error: stream ID 1; INTERNAL_ERROR; received from peer
Worker 2: Error pinging https://www.minhur.site: Get "https://www.minhur.site": dial tcp: lookup www.minhur.site on 172.22.160.1:53: server misbehaving
Worker 1: Error pinging https://www.jdpower.com: Non-200 HTTP response for https://www.jdpower.com: 403 Forbidden
Worker 4: Request to https://www.hilton.com timed out
Worker 0: Error pinging https://www.trivago.com: Non-200 HTTP response for https://www.trivago.com: 403 Forbidden
Worker 4: Error pinging https://www.tesco.com: Get "https://www.tesco.com": stream error: stream ID 1; INTERNAL_ERROR; received from peer
Worker 0: Error pinging https://www.axios.com: Non-200 HTTP response for https://www.axios.com: 403 Forbidden
Worker 0: Error pinging https://www.abril.com.br: Non-200 HTTP response for https://www.abril.com.br: 403 Forbidden
Worker 3: Error pinging https://www.seattletimes.com: Get "https://www.seattletimes.com": stream error: stream ID 1; INTERNAL_ERROR; received from peer
Worker 4: Error pinging https://www.www.gob.mx: Get "https://www.www.gob.mx": dial tcp: lookup www.www.gob.mx on 172.22.160.1:53: no such host
Worker 0: Error pinging https://www.tureng.com: Non-200 HTTP response for https://www.tureng.com: 403 Forbidden
Worker 3: Error pinging https://www.tutur.online: Get "https://www.tutur.online": dial tcp: lookup www.tutur.online on 172.22.160.1:53: server misbehaving
Worker 3: Error pinging https://www.canadiantire.ca: Get "https://www.canadiantire.ca": stream error: stream ID 1; INTERNAL_ERROR; received from peer
Worker 0: Error pinging https://www.sfgate.com: Non-200 HTTP response for https://www.sfgate.com: 403 Forbidden
Worker 2: Error pinging https://www.movoto.com: Non-200 HTTP response for https://www.movoto.com: 403 Forbidden
Worker 4: Error pinging https://www.collegedunia.com: Non-200 HTTP response for https://www.collegedunia.com: 403 Forbidden
Worker 0: Error pinging https://www.cylex.de: Non-200 HTTP response for https://www.cylex.de: 403 Forbidden
Worker 0: Error pinging https://www.my-best.com: Get "https://www.my-best.com": dial tcp: lookup www.my-best.com on 172.22.160.1:53: no such host
Worker 4: Error pinging https://www.rei.com: Non-200 HTTP response for https://www.rei.com: 403 Forbidden
Worker 3: Error pinging https://www.stockx.com: Non-200 HTTP response for https://www.stockx.com: 403 Forbidden
Worker 2: Error pinging https://www.pitchbook.com: Non-200 HTTP response for https://www.pitchbook.com: 403 Forbidden
Worker 2: Error pinging https://www.jcpenney.com: Get "https://www.jcpenney.com": stream error: stream ID 1; INTERNAL_ERROR; received from peer
Worker 4: Error pinging https://www.filgaz.online: Get "https://www.filgaz.online": dial tcp: lookup www.filgaz.online on 172.22.160.1:53: server misbehaving
Worker 0: Error pinging https://www.tripadvisor.co: Get "https://www.tripadvisor.co": stream error: stream ID 1; INTERNAL_ERROR; received from peer
Worker 3: Error pinging https://www.allbiz.com: Non-200 HTTP response for https://www.allbiz.com: 403 Forbidden
Worker 2: Error pinging https://www.science.org: Non-200 HTTP response for https://www.science.org: 403 Forbidden
Worker 0: Error pinging https://www.e-inspirasi.biz.id: Get "https://www.e-inspirasi.biz.id": dial tcp: lookup www.e-inspirasi.biz.id on 172.22.160.1:53: server misbehaving
Worker 0: Error pinging https://www.tripadvisor.de: Get "https://www.tripadvisor.de": stream error: stream ID 1; INTERNAL_ERROR; received from peer
Worker 1: Error pinging https://www.ozon.ru: Non-200 HTTP response for https://www.ozon.ru: 403 Forbidden
Worker 3: Error pinging https://www.ohio.gov: Non-200 HTTP response for https://www.ohio.gov: 404 Not Found
Worker 1: Error pinging https://www.ichacha.net: Get "https://www.ichacha.net": read tcp 172.22.174.111:47402->107.150.104.80:443: read: connection reset by peer
Worker 3: Error pinging https://www.britishcouncil.org: Non-200 HTTP response for https://www.britishcouncil.org: 403 Forbidden
Worker 2: Error pinging https://www.meinestadt.de: Non-200 HTTP response for https://www.meinestadt.de: 403 Forbidden
Worker 0: Error pinging https://www.pressbooks.pub: Get "https://www.pressbooks.pub": remote error: tls: handshake failure
Worker 3: Error pinging https://www.acehardware.com: Non-200 HTTP response for https://www.acehardware.com: 403 Forbidden
Worker 3: Error pinging https://www.cybo.com: Non-200 HTTP response for https://www.cybo.com: 403 Forbidden
Worker 4: Error pinging https://www.datanyze.com: Non-200 HTTP response for https://www.datanyze.com: 403 Forbidden
Worker 2: Error pinging https://www.noon.com: Get "https://www.noon.com": stream error: stream ID 1; INTERNAL_ERROR; received from peer
Worker 2: Error pinging https://www.thesaurus.plus: Get "https://www.thesaurus.plus": tls: failed to verify certificate: x509: certificate is valid for avavatar.ru, www.avavatar.ru, not www.thesaurus.plus
Worker 2: Error pinging https://www.apartmenttherapy.com: Non-200 HTTP response for https://www.apartmenttherapy.com: 403 Forbidden
Worker 1: Error pinging https://www.cylex.us.com: Non-200 HTTP response for https://www.cylex.us.com: 403 Forbidden
Worker 2: Error pinging https://www.bigw.com.au: Get "https://www.bigw.com.au": stream error: stream ID 1; INTERNAL_ERROR; received from peer
Worker 4: Error pinging https://www.simplilearn.com: Non-200 HTTP response for https://www.simplilearn.com: 403 Forbidden
Worker 2: Error pinging https://www.allegro.pl: Non-200 HTTP response for https://www.allegro.pl: 403 Forbidden
80.70% of the URLs were successfully pinged.
Total time taken to ping URLs: 275.141330


request to port 443 and then 80
handle redirects