INFO: 2023/11/01 05:38:28 main.go:49: Number of URLs read from the file:  100
INFO: 2023/11/01 05:38:36 main.go:165: Worker 1: Error pinging https://www.t.co: Non-200 HTTP response for https://www.t.co: 404 Not Found
INFO: 2023/11/01 05:38:50 main.go:165: Worker 1: Error pinging https://www.imdb.com: Non-200 HTTP response for https://www.imdb.com: 403 Forbidden
INFO: 2023/11/01 05:38:51 main.go:165: Worker 4: Error pinging https://www.aliexpress.com: Get "https://www.aliexpress.us/?gatewayAdapt=glo2usa&_randl_shipto=US": stopped after 10 redirects
INFO: 2023/11/01 05:38:54 main.go:165: Worker 2: Error pinging https://www.163.com: Non-200 HTTP response for https://www.163.com: 403 Forbidden
INFO: 2023/11/01 05:39:03 main.go:163: Worker 4: Request to https://www.tianya.cn timed out
INFO: 2023/11/01 05:39:04 main.go:163: Worker 2: Request to https://www.google.co.id timed out
INFO: 2023/11/01 05:39:05 main.go:163: Worker 0: Request to https://www.youku.com timed out
INFO: 2023/11/01 05:39:05 main.go:163: Worker 3: Request to https://www.rakuten.co.jp timed out
INFO: 2023/11/01 05:39:05 main.go:163: Worker 1: Request to https://www.craigslist.org timed out
INFO: 2023/11/01 05:39:13 main.go:163: Worker 4: Request to https://www.amazon.de timed out
INFO: 2023/11/01 05:39:14 main.go:163: Worker 2: Request to https://www.nicovideo.jp timed out
INFO: 2023/11/01 05:39:15 main.go:163: Worker 0: Request to https://www.google.pl timed out
INFO: 2023/11/01 05:39:15 main.go:163: Worker 3: Request to https://www.soso.com timed out
INFO: 2023/11/01 05:39:15 main.go:163: Worker 1: Request to https://www.bilibili.com timed out
INFO: 2023/11/01 05:39:23 main.go:163: Worker 4: Request to https://www.dropbox.com timed out
INFO: 2023/11/01 05:39:24 main.go:163: Worker 2: Request to https://www.xinhuanet.com timed out
INFO: 2023/11/01 05:39:25 main.go:163: Worker 0: Request to https://www.outbrain.com timed out
INFO: 2023/11/01 05:39:25 main.go:163: Worker 3: Request to https://www.pixnet.net timed out
INFO: 2023/11/01 05:39:25 main.go:163: Worker 1: Request to https://www.alibaba.com timed out
INFO: 2023/11/01 05:39:33 main.go:163: Worker 4: Request to https://www.alipay.com timed out
INFO: 2023/11/01 05:39:34 main.go:163: Worker 2: Request to https://www.microsoftonline.com timed out
INFO: 2023/11/01 05:39:35 main.go:163: Worker 0: Request to https://www.booking.com timed out
INFO: 2023/11/01 05:39:35 main.go:163: Worker 3: Request to https://www.googleusercontent.com timed out
INFO: 2023/11/01 05:39:35 main.go:163: Worker 1: Request to https://www.google.com.au timed out
INFO: 2023/11/01 05:39:43 main.go:165: Worker 2: Error pinging https://www.googleadservices.com: Non-200 HTTP response for https://www.googleadservices.com: 404 Not Found
INFO: 2023/11/01 05:39:43 main.go:165: Worker 0: Error pinging https://www.accuweather.com: Get "https://www.accuweather.com": stream error: stream ID 1; INTERNAL_ERROR; received from peer
INFO: 2023/11/01 05:39:43 main.go:165: Worker 2: Error pinging https://www.googleweblight.com: Non-200 HTTP response for https://www.googleweblight.com: 404 Not Found
INFO: 2023/11/01 05:39:45 main.go:78: 73.00% of the URLs were successfully pinged.
INFO: 2023/11/01 05:39:45 main.go:81: Total time taken to ping URLs: 77.633173
