INFO: 2023/11/01 05:45:29 main.go:46: Number of URLs read from the file:  100
INFO: 2023/11/01 05:45:37 main.go:162: Worker 4: Error pinging https://www.t.co: Non-200 HTTP response for https://www.t.co: 404 Not Found
INFO: 2023/11/01 05:45:50 main.go:162: Worker 4: Error pinging https://www.imdb.com: Non-200 HTTP response for https://www.imdb.com: 403 Forbidden
INFO: 2023/11/01 05:45:52 main.go:162: Worker 2: Error pinging https://www.163.com: Non-200 HTTP response for https://www.163.com: 403 Forbidden
INFO: 2023/11/01 05:45:53 main.go:162: Worker 3: Error pinging https://www.aliexpress.com: Get "https://www.aliexpress.us/?gatewayAdapt=glo2usa&_randl_shipto=US": stopped after 10 redirects
INFO: 2023/11/01 05:46:03 main.go:160: Worker 3: Request to https://www.tianya.cn timed out
INFO: 2023/11/01 05:46:03 main.go:160: Worker 2: Request to https://www.google.co.id timed out
INFO: 2023/11/01 05:46:03 main.go:160: Worker 1: Request to https://www.youku.com timed out
INFO: 2023/11/01 05:46:03 main.go:160: Worker 0: Request to https://www.rakuten.co.jp timed out
INFO: 2023/11/01 05:46:04 main.go:160: Worker 4: Request to https://www.craigslist.org timed out
INFO: 2023/11/01 05:46:13 main.go:160: Worker 3: Request to https://www.amazon.de timed out
INFO: 2023/11/01 05:46:13 main.go:160: Worker 2: Request to https://www.nicovideo.jp timed out
INFO: 2023/11/01 05:46:13 main.go:160: Worker 1: Request to https://www.google.pl timed out
INFO: 2023/11/01 05:46:13 main.go:160: Worker 0: Request to https://www.soso.com timed out
INFO: 2023/11/01 05:46:14 main.go:160: Worker 4: Request to https://www.bilibili.com timed out
INFO: 2023/11/01 05:46:23 main.go:160: Worker 3: Request to https://www.dropbox.com timed out
INFO: 2023/11/01 05:46:23 main.go:160: Worker 2: Request to https://www.xinhuanet.com timed out
INFO: 2023/11/01 05:46:23 main.go:160: Worker 1: Request to https://www.outbrain.com timed out
INFO: 2023/11/01 05:46:23 main.go:160: Worker 0: Request to https://www.pixnet.net timed out
INFO: 2023/11/01 05:46:24 main.go:160: Worker 4: Request to https://www.alibaba.com timed out
INFO: 2023/11/01 05:46:33 main.go:160: Worker 3: Request to https://www.alipay.com timed out
INFO: 2023/11/01 05:46:33 main.go:160: Worker 2: Request to https://www.microsoftonline.com timed out
INFO: 2023/11/01 05:46:33 main.go:160: Worker 1: Request to https://www.booking.com timed out
INFO: 2023/11/01 05:46:33 main.go:160: Worker 0: Request to https://www.googleusercontent.com timed out
INFO: 2023/11/01 05:46:34 main.go:160: Worker 4: Request to https://www.google.com.au timed out
INFO: 2023/11/01 05:46:39 main.go:162: Worker 2: Error pinging https://www.googleadservices.com: Non-200 HTTP response for https://www.googleadservices.com: 404 Not Found
INFO: 2023/11/01 05:46:39 main.go:162: Worker 0: Error pinging https://www.accuweather.com: Get "https://www.accuweather.com": stream error: stream ID 1; INTERNAL_ERROR; received from peer
INFO: 2023/11/01 05:46:40 main.go:162: Worker 2: Error pinging https://www.googleweblight.com: Non-200 HTTP response for https://www.googleweblight.com: 404 Not Found
INFO: 2023/11/01 05:46:41 main.go:75: 73.00% of the URLs were successfully pinged.
INFO: 2023/11/01 05:46:41 main.go:78: Total time taken to ping URLs: 72.624471
