Number of URLs read from the file: 1000
Worker 2: Received HTTP status 200 for URL https://www.wikipedia.org in 251.495149ms
Worker 3: Received HTTP status 200 for URL https://www.google.com in 334.634014ms
Worker 4: Received HTTP status 200 for URL https://www.facebook.com in 363.487775ms
Worker 2: Received HTTP status 405 for URL https://www.amazon.com in 203.37372ms
Worker 3: Received HTTP status 200 for URL https://www.pinterest.com in 238.585262ms
Worker 2: Received HTTP status 200 for URL https://www.reddit.com in 211.781561ms
Worker 4: Received HTTP status 403 for URL https://www.tiktok.com in 351.559412ms
Worker 0: Received HTTP status 200 for URL https://www.instagram.com in 721.794958ms
Worker 1: Received HTTP status 200 for URL https://www.youtube.com in 832.05613ms
Worker 3: Received HTTP status 200 for URL https://www.linkedin.com in 348.090741ms
Worker 4: Received HTTP status 403 for URL https://www.quora.com in 265.87653ms
Worker 0: Received HTTP status 200 for URL https://www.apple.com in 403.624744ms
Worker 2: Received HTTP status 403 for URL https://www.twitter.com in 572.627443ms
Worker 1: Received HTTP status 200 for URL https://www.fandom.com in 484.840758ms
Worker 0: Received HTTP status 200 for URL https://www.yahoo.com in 406.485353ms
Worker 3: Received HTTP status 200 for URL https://www.etsy.com in 756.072604ms
Worker 0: Received HTTP status 200 for URL https://www.nytimes.com in 203.019958ms
Worker 1: Received HTTP status 200 for URL https://www.wordpress.com in 457.373705ms
Worker 4: Received HTTP status 200 for URL https://www.yelp.com in 817.478133ms
Worker 3: Received HTTP status 403 for URL https://www.indeed.com in 146.097375ms
Worker 1: Received HTTP status 200 for URL https://www.walmart.com in 299.126662ms
Worker 0: Received HTTP status 200 for URL https://www.nih.gov in 386.855525ms
Worker 1: Received HTTP status 200 for URL https://www.britannica.com in 502.857513ms
Worker 0: Received HTTP status 200 for URL https://www.tripadvisor.com in 596.15767ms
Worker 1: Received HTTP status 200 for URL https://www.forbes.com in 214.863461ms
Worker 1: Received HTTP status 200 for URL https://www.theguardian.com in 292.523248ms
Worker 2: Received HTTP status 301 for URL https://www.ebay.com in 1.855086442s
Worker 3: Received HTTP status 200 for URL https://www.medium.com in 1.27856251s
Worker 0: Received HTTP status 200 for URL https://www.shutterstock.com in 449.128878ms
Worker 4: Received HTTP status 200 for URL https://www.imdb.com in 1.492134789s
Worker 1: Received HTTP status 200 for URL https://www.mapquest.com in 438.435991ms
Worker 2: Received HTTP status 200 for URL https://www.microsoft.com in 554.088429ms
Worker 0: Received HTTP status 200 for URL https://www.foursquare.com in 1.161479139s
Worker 4: Received HTTP status 200 for URL https://www.wikihow.com in 1.199118981s
Worker 2: Received HTTP status 200 for URL https://www.cnn.com in 859.852589ms
Worker 1: Received HTTP status 200 for URL https://www.target.com in 1.018480491s
Worker 0: Received HTTP status 200 for URL https://www.researchgate.net in 981.763005ms
Worker 4: Received HTTP status 200 for URL https://www.cambridge.org in 1.047205472s
Worker 3: Received HTTP status 200 for URL https://www.aliexpress.com in 2.469555667s
Worker 2: Received HTTP status 200 for URL https://www.bbc.com in 1.316635014s
Worker 1: Received HTTP status 200 for URL https://www.usatoday.com in 1.343978415s
Worker 4: Received HTTP status 200 for URL https://www.sciencedirect.com in 772.143265ms
Worker 3: Received HTTP status 200 for URL https://www.alamy.com in 1.257505392s
Worker 2: Received HTTP status 200 for URL https://www.wiktionary.org in 1.03259067s
Worker 1: Received HTTP status 200 for URL https://www.healthline.com in 1.182355356s
Worker 0: Received HTTP status 200 for URL https://www.stackexchange.com in 1.975255285s
Worker 2: Received HTTP status 403 for URL https://www.collinsdictionary.com in 695.239607ms
Worker 3: Received HTTP status 200 for URL https://www.dailymotion.com in 764.405745ms
Worker 4: Received HTTP status 200 for URL https://www.reverso.net in 1.339663103s
Worker 1: Received HTTP status 200 for URL https://www.webmd.com in 646.17252ms
Worker 0: Received HTTP status 200 for URL https://www.merriam-webster.com in 562.590461ms
Worker 2: Received HTTP status 200 for URL https://www.indiatimes.com in 635.733877ms
Worker 1: Received HTTP status 200 for URL https://www.istockphoto.com in 907.837949ms
Worker 2: Received HTTP status 200 for URL https://www.adobe.com in 632.316545ms
Worker 3: Received HTTP status 200 for URL https://www.spotify.com in 1.34189222s
Worker 4: Received HTTP status 200 for URL https://www.booking.com in 1.429865747s
Worker 1: Received HTTP status 200 for URL https://www.dailymail.co.uk in 529.349795ms
Worker 2: Received HTTP status 200 for URL https://www.wikiwand.com in 554.772071ms
Worker 3: Received HTTP status 200 for URL https://www.scribd.com in 526.071965ms
Worker 4: Received HTTP status 200 for URL https://www.yellowpages.com in 760.52246ms
Worker 1: Received HTTP status 200 for URL https://www.mayoclinic.org in 770.643424ms
Worker 0: Received HTTP status 200 for URL https://www.soundcloud.com in 2.330235155s
Worker 4: Received HTTP status 200 for URL https://www.businessinsider.com in 963.884479ms
Worker 1: Received HTTP status 200 for URL https://www.dictionary.com in 912.361258ms
Worker 0: Received HTTP status 200 for URL https://www.usnews.com in 797.5903ms
Worker 3: Received HTTP status 200 for URL https://www.github.com in 1.536522584s
Worker 4: Received HTTP status 200 for URL https://www.medicalnewstoday.com in 328.29876ms
Worker 1: Received HTTP status 200 for URL https://www.flickr.com in 403.531181ms
Worker 0: Received HTTP status 200 for URL https://www.cnet.com in 682.710932ms
Worker 2: Received HTTP status 200 for URL https://www.trip.com in 2.656664514s
Worker 3: Received HTTP status 200 for URL https://www.dreamstime.com in 1.052612856s
Worker 1: Received HTTP status 200 for URL https://www.reuters.com in 1.162171715s
Worker 0: Received HTTP status 200 for URL https://www.washingtonpost.com in 800.804347ms
Worker 2: Received HTTP status 200 for URL https://www.bbc.co.uk in 729.156608ms
Worker 3: Received HTTP status 200 for URL https://www.homedepot.com in 817.393148ms
Worker 1: Received HTTP status 200 for URL https://www.goodhousekeeping.com in 620.530561ms
Worker 4: Received HTTP status 200 for URL https://www.clevelandclinic.org in 2.385270948s
Worker 1: Received HTTP status 200 for URL https://www.cbsnews.com in 523.722409ms
Worker 2: Received HTTP status 200 for URL https://www.study.com in 912.562787ms
Worker 0: Received HTTP status 200 for URL https://www.screenrant.com in 1.255487512s
Worker 3: Received HTTP status 200 for URL https://www.thefreedictionary.com in 868.356478ms
Worker 4: Received HTTP status 200 for URL https://www.npr.org in 288.36647ms
Worker 1: Received HTTP status 405 for URL https://www.amazon.co.uk in 375.012974ms
Worker 2: Received HTTP status 200 for URL https://www.independent.co.uk in 244.989763ms
Worker 0: Received HTTP status 200 for URL https://www.ign.com in 359.856833ms
Worker 3: Received HTTP status 200 for URL https://www.zoominfo.com in 647.818644ms
Worker 2: Received HTTP status 200 for URL https://www.freepik.com in 664.446757ms
Worker 1: Received HTTP status 200 for URL https://www.sportskeeda.com in 820.541686ms
Worker 3: Received HTTP status 200 for URL https://www.jstor.org in 509.411664ms
Worker 0: Received HTTP status 200 for URL https://www.byjus.com in 1.507228509s
Worker 2: Received HTTP status 200 for URL https://www.genius.com in 1.016232524s
Worker 4: Received HTTP status 200 for URL https://www.flipkart.com in 1.816617249s
Worker 3: Received HTTP status 200 for URL https://www.moovitapp.com in 833.280459ms
Worker 1: Received HTTP status 200 for URL https://www.yahoo.co.jp in 1.00799337s
Worker 0: Received HTTP status 200 for URL https://www.wordreference.com in 523.807759ms
Worker 4: Received HTTP status 403 for URL https://www.bab.la in 836.704899ms
Worker 2: Received HTTP status 200 for URL https://www.springer.com in 928.653122ms
Worker 3: Received HTTP status 200 for URL https://www.goodreads.com in 976.368915ms
Worker 1: Received HTTP status 200 for URL https://www.latimes.com in 1.028642697s
Worker 4: Received HTTP status 200 for URL https://www.insider.com in 1.466175745s
Worker 2: Received HTTP status 200 for URL https://www.rottentomatoes.com in 1.608364522s
Worker 0: Received HTTP status 200 for URL https://www.alibaba.com in 2.064840597s
Worker 3: Received HTTP status 403 for URL https://www.redbubble.com in 1.48303156s
Worker 4: Received HTTP status 200 for URL https://www.investopedia.com in 463.831782ms
Worker 1: Received HTTP status 200 for URL https://www.deviantart.com in 1.873322714s
Worker 2: Received HTTP status 200 for URL https://www.hotels.com in 550.537099ms
Worker 0: Received HTTP status 200 for URL https://www.harvard.edu in 519.606031ms
Worker 3: Received HTTP status 200 for URL https://www.cdc.gov in 785.536173ms
Worker 2: Received HTTP status 200 for URL https://www.yourdictionary.com in 1.653554584s
Worker 0: Received HTTP status 200 for URL https://www.google.co.uk in 1.800684169s
Worker 4: Received HTTP status 405 for URL https://www.restaurantguru.com in 2.317454295s
Worker 3: Received HTTP status 200 for URL https://www.weebly.com in 1.75030445s
Worker 2: Received HTTP status 405 for URL https://www.netflix.com in 633.041688ms
Worker 0: Received HTTP status 200 for URL https://www.nbcnews.com in 767.318077ms
Worker 4: Received HTTP status 200 for URL https://www.go.com in 720.324718ms
Worker 3: Received HTTP status 404 for URL https://www.msn.com in 829.760387ms
Worker 2: Received HTTP status 200 for URL https://www.slideshare.net in 863.363533ms
Worker 1: Received HTTP status 200 for URL https://www.europa.eu in 3.4425924s
Worker 0: Received HTTP status 403 for URL https://www.glassdoor.com in 936.702389ms
Worker 3: Received HTTP status 200 for URL https://www.ca.gov in 920.711028ms
Worker 2: Received HTTP status 200 for URL https://www.gamespot.com in 792.451359ms
Worker 1: Received HTTP status 200 for URL https://www.hindustantimes.com in 670.2862ms
Worker 0: Received HTTP status 405 for URL https://www.wiley.com in 800.077915ms
Worker 4: Received HTTP status 200 for URL https://www.stackoverflow.com in 1.615516489s
Worker 3: Received HTTP status 200 for URL https://www.cnbc.com in 591.59894ms
Worker 2: Received HTTP status 200 for URL https://www.cosmopolitan.com in 451.351494ms
Worker 0: Received HTTP status 200 for URL https://www.indiamart.com in 296.740939ms
Worker 4: Received HTTP status 403 for URL https://www.vocabulary.com in 272.39315ms
Worker 0: Received HTTP status 200 for URL https://www.wikimedia.org in 708.73618ms
Worker 2: Received HTTP status 200 for URL https://www.amazon.de in 1.095938702s
Worker 3: Received HTTP status 200 for URL https://www.issuu.com in 1.117481302s
Worker 4: Received HTTP status 200 for URL https://www.tumblr.com in 963.458198ms
Worker 1: Received HTTP status 200 for URL https://www.waze.com in 1.737267471s
Worker 3: Received HTTP status 200 for URL https://www.google.co.in in 536.556959ms
Worker 4: Received HTTP status 403 for URL https://www.lowes.com in 454.995598ms
Worker 4: Received HTTP status 200 for URL https://www.expedia.com in 447.47861ms
Worker 1: Received HTTP status 200 for URL https://www.time.com in 1.050036766s
Worker 4: Error pinging https://www.www.nhs.uk after 378.164837ms: Head "https://www.www.nhs.uk": dial tcp: lookup www.www.nhs.uk on 172.22.160.1:53: no such host
Worker 0: Received HTTP status 200 for URL https://www.craigslist.org in 1.621765129s
Worker 3: Received HTTP status 200 for URL https://www.people.com in 935.519699ms
Worker 2: Received HTTP status 301 for URL https://www.ebay.co.uk in 1.941587065s
Worker 4: Received HTTP status 200 for URL https://www.bestbuy.com in 3.610231802s
Worker 1: Received HTTP status 405 for URL https://www.amazon.in in 3.650803934s
Worker 3: Received HTTP status 200 for URL https://www.verywellhealth.com in 3.712167359s
Worker 0: Received HTTP status 200 for URL https://www.tvtropes.org in 4.300146612s
Worker 3: Received HTTP status 200 for URL https://www.bloomberg.com in 707.039797ms
Worker 1: Received HTTP status 200 for URL https://www.nypost.com in 1.285968118s
Worker 3: Received HTTP status 200 for URL https://www.costco.com in 443.390076ms
Worker 0: Received HTTP status 403 for URL https://www.quizlet.com in 761.15588ms
Worker 4: Received HTTP status 200 for URL https://www.nature.com in 1.553966434s
Worker 1: Received HTTP status 200 for URL https://www.zillow.com in 463.745505ms
Worker 0: Received HTTP status 200 for URL https://www.espn.com in 353.19491ms
Worker 4: Received HTTP status 403 for URL https://www.pixabay.com in 866.351891ms
Worker 1: Received HTTP status 200 for URL https://www.today.com in 750.203402ms
Worker 4: Received HTTP status 200 for URL https://www.ikea.com in 538.248964ms
Worker 2: Received HTTP status 200 for URL https://www.oup.com in 6.170056266s
Worker 1: Received HTTP status 200 for URL https://www.medlineplus.gov in 600.561112ms
Worker 4: Error pinging https://www.www.gov.uk after 309.475562ms: Head "https://www.www.gov.uk": dial tcp: lookup www.www.gov.uk on 172.22.160.1:53: no such host
Worker 3: Received HTTP status 200 for URL https://www.toppr.com in 1.934456672s
Worker 0: Received HTTP status 200 for URL https://www.studocu.com in 1.483141665s
Worker 3: Received HTTP status 200 for URL https://www.pbs.org in 589.052602ms
Worker 2: Received HTTP status 200 for URL https://www.mapcarta.com in 1.237251838s
Worker 1: Received HTTP status 200 for URL https://www.gamerant.com in 1.341907448s
Worker 3: Received HTTP status 200 for URL https://www.academia.edu in 642.987954ms
Worker 4: Received HTTP status 200 for URL https://www.steamcommunity.com in 1.261207921s
Worker 2: Received HTTP status 200 for URL https://www.niche.com in 322.681946ms
Worker 1: Received HTTP status 200 for URL https://www.thesaurus.com in 267.393465ms
Worker 0: Received HTTP status 200 for URL https://www.business.site in 1.52478497s
Worker 3: Received HTTP status 200 for URL https://www.timeout.com in 574.670743ms
Worker 1: Received HTTP status 200 for URL https://www.geeksforgeeks.org in 761.664451ms
Worker 2: Received HTTP status 200 for URL https://www.discogs.com in 892.873642ms
Worker 3: Received HTTP status 403 for URL https://www.rome2rio.com in 754.054526ms
Worker 2: Received HTTP status 200 for URL https://www.google.de in 457.564869ms
Worker 4: Received HTTP status 200 for URL https://www.vimeo.com in 1.505342653s
Worker 3: Error pinging https://www.company-information.service.gov.uk after 205.831724ms: Head "https://www.company-information.service.gov.uk": dial tcp: lookup www.company-information.service.gov.uk on 172.22.160.1:53: no such host
Worker 0: Received HTTP status 200 for URL https://www.bandcamp.com in 1.270682282s
Worker 4: Received HTTP status 200 for URL https://www.bing.com in 305.969298ms
Worker 2: Received HTTP status 200 for URL https://www.makeuseof.com in 385.588509ms
Worker 1: Received HTTP status 302 for URL https://www.urbandictionary.com in 967.974709ms
Worker 0: Received HTTP status 200 for URL https://www.google.ca in 533.222656ms
Worker 4: Received HTTP status 200 for URL https://www.telegraph.co.uk in 673.811132ms
Worker 1: Error pinging https://www.fazarohana.cfd after 572.060717ms: Head "https://www.fazarohana.cfd": dial tcp: lookup www.fazarohana.cfd on 172.22.160.1:53: no such host
Worker 2: Received HTTP status 200 for URL https://www.gettyimages.com in 809.539921ms
Worker 3: Received HTTP status 502 for URL https://www.apnews.com in 1.695885843s
Worker 0: Received HTTP status 200 for URL https://www.elpais.com in 1.546078883s
Worker 1: Received HTTP status 403 for URL https://www.crunchbase.com in 1.220132908s
Worker 4: Received HTTP status 301 for URL https://www.justdial.com in 1.381270355s
Worker 3: Received HTTP status 200 for URL https://www.agoda.com in 716.731456ms
Worker 0: Received HTTP status 200 for URL https://www.buzzfeed.com in 371.81123ms
Worker 4: Received HTTP status 200 for URL https://www.temu.com in 431.492662ms
Worker 3: Received HTTP status 200 for URL https://www.wsj.com in 591.463807ms
Worker 2: Received HTTP status 200 for URL https://www.as.com in 1.921955339s
Worker 1: Received HTTP status 200 for URL https://www.collider.com in 1.352956995s
Worker 3: Received HTTP status 200 for URL https://www.cbc.ca in 787.619832ms
Worker 4: Received HTTP status 200 for URL https://www.variety.com in 2.810738308s
Worker 0: Received HTTP status 200 for URL https://www.economictimes.com in 3.078950175s
Worker 4: Received HTTP status 200 for URL https://www.digitaltrends.com in 1.327631879s
Worker 3: Received HTTP status 200 for URL https://www.ziprecruiter.com in 3.158451898s
Worker 2: Error pinging https://www.kuharu.site after 3.897731344s: Head "https://www.kuharu.site": dial tcp: lookup www.kuharu.site on 172.22.160.1:53: server misbehaving
Worker 3: Received HTTP status 200 for URL https://www.last.fm in 442.616375ms
Worker 4: Received HTTP status 200 for URL https://www.cbr.com in 481.199391ms
Worker 1: Error pinging https://www.ergez.online after 3.872525167s: Head "https://www.ergez.online": dial tcp: lookup www.ergez.online on 172.22.160.1:53: server misbehaving
Worker 2: Received HTTP status 200 for URL https://www.si.com in 468.045071ms
Worker 4: Received HTTP status 200 for URL https://www.pcmag.com in 327.748873ms
Worker 3: Received HTTP status 200 for URL https://www.bbb.org in 915.38898ms
Worker 2: Received HTTP status 200 for URL https://www.mirror.co.uk in 919.239393ms
Worker 4: Received HTTP status 200 for URL https://www.lefigaro.fr in 1.198619329s
Worker 1: Received HTTP status 200 for URL https://www.rakuten.co.jp in 1.589019718s
Worker 0: Received HTTP status 200 for URL https://www.indianexpress.com in 3.410745722s
Worker 4: Received HTTP status 200 for URL https://www.tvguide.com in 439.129126ms
Worker 3: Received HTTP status 200 for URL https://www.chegg.com in 1.058738858s
Worker 2: Received HTTP status 200 for URL https://www.salary.com in 1.009339759s
Worker 1: Received HTTP status 200 for URL https://www.thespruce.com in 435.828535ms
Worker 0: Received HTTP status 200 for URL https://www.pngwing.com in 696.29226ms
Worker 3: Received HTTP status 200 for URL https://www.thoughtco.com in 915.926657ms
Worker 4: Received HTTP status 200 for URL https://www.oxfordlearnersdictionaries.com in 932.727966ms
Worker 2: Received HTTP status 200 for URL https://www.realtor.com in 1.248785331s
Worker 3: Received HTTP status 200 for URL https://www.wattpad.com in 693.851688ms
Worker 0: Received HTTP status 200 for URL https://www.123rf.com in 1.39115624s
Worker 2: Received HTTP status 200 for URL https://www.allrecipes.com in 666.758823ms
Worker 1: Received HTTP status 200 for URL https://www.parade.com in 1.999889962s
Worker 3: Received HTTP status 200 for URL https://www.biomedcentral.com in 629.526537ms
Worker 0: Received HTTP status 200 for URL https://www.amazon.fr in 770.048639ms
Worker 1: Received HTTP status 200 for URL https://www.theverge.com in 510.575478ms
Worker 2: Received HTTP status 200 for URL https://www.wordhippo.com in 746.085152ms
Worker 3: Received HTTP status 200 for URL https://www.marca.com in 584.559145ms
Worker 4: Received HTTP status 200 for URL https://www.depositphotos.com in 2.41476868s
Worker 1: Received HTTP status 403 for URL https://www.canva.com in 749.865785ms
Worker 2: Received HTTP status 200 for URL https://www.kayak.com in 1.162198698s
Worker 0: Received HTTP status 200 for URL https://www.steampowered.com in 1.404122207s
Worker 1: Received HTTP status 200 for URL https://www.ny.gov in 685.867716ms
Worker 3: Received HTTP status 200 for URL https://www.mdpi.com in 1.569194912s
Worker 2: Received HTTP status 200 for URL https://www.frontiersin.org in 607.068798ms
Worker 1: Received HTTP status 404 for URL https://www.ubereats.com in 1.055468596s
Worker 4: Received HTTP status 200 for URL https://www.tenor.com in 1.921516734s
Worker 3: Received HTTP status 200 for URL https://www.barnesandnoble.com in 966.284391ms
Worker 0: Received HTTP status 200 for URL https://www.globo.com in 1.434149181s
Worker 2: Received HTTP status 200 for URL https://www.uol.com.br in 1.397943461s
Worker 1: Received HTTP status 405 for URL https://www.wayfair.com in 896.647663ms
Worker 4: Received HTTP status 200 for URL https://www.lavanguardia.com in 969.987932ms
Worker 3: Received HTTP status 200 for URL https://www.usda.gov in 908.557459ms
Worker 0: Received HTTP status 200 for URL https://www.canada.ca in 1.204050064s
Worker 2: Received HTTP status 200 for URL https://www.techradar.com in 723.458317ms
Worker 1: Received HTTP status 200 for URL https://www.hollywoodreporter.com in 667.749922ms
Worker 4: Received HTTP status 200 for URL https://www.accuweather.com in 529.429979ms
Worker 3: Received HTTP status 200 for URL https://www.elle.com in 699.891793ms
Worker 0: Received HTTP status 200 for URL https://www.cornell.edu in 758.092804ms
Worker 2: Received HTTP status 200 for URL https://www.thesun.co.uk in 775.218348ms
Worker 4: Received HTTP status 200 for URL https://www.themoviedb.org in 707.55745ms
Worker 0: Received HTTP status 200 for URL https://www.popsugar.com in 823.572137ms
Worker 2: Received HTTP status 200 for URL https://www.rollingstone.com in 1.148757401s
Worker 4: Received HTTP status 200 for URL https://www.wired.com in 1.04963338s
Worker 3: Received HTTP status 200 for URL https://www.ameblo.jp in 2.380961306s
Worker 1: Received HTTP status 200 for URL https://www.ew.com in 3.460823817s
Worker 2: Received HTTP status 200 for URL https://www.womenshealthmag.com in 1.655135798s
Worker 3: Received HTTP status 200 for URL https://www.khanacademy.org in 845.411295ms
Worker 4: Received HTTP status 200 for URL https://www.lifewire.com in 1.672644801s
Worker 0: Error pinging https://www.harcu.online after 2.144270478s: Head "https://www.harcu.online": dial tcp: lookup www.harcu.online on 172.22.160.1:53: server misbehaving
Worker 1: Received HTTP status 200 for URL https://www.vecteezy.com in 368.115668ms
Worker 2: Received HTTP status 200 for URL https://www.ndtv.com in 369.635377ms
Worker 3: Received HTTP status 200 for URL https://www.nasa.gov in 404.012105ms
Worker 4: Received HTTP status 200 for URL https://www.countryliving.com in 508.492353ms
Worker 1: Received HTTP status 200 for URL https://www.msdmanuals.com in 1.037976046s
Worker 3: Received HTTP status 200 for URL https://www.menshealth.com in 948.91762ms
Worker 4: Received HTTP status 200 for URL https://www.everydayhealth.com in 1.102416462s
Worker 0: Received HTTP status 200 for URL https://www.unsplash.com in 1.584435065s
Worker 2: Received HTTP status 200 for URL https://www.who.int in 1.361042418s
Worker 1: Received HTTP status 403 for URL https://www.samsung.com in 571.405007ms
Worker 3: Received HTTP status 200 for URL https://www.infobae.com in 819.699551ms
Worker 4: Received HTTP status 200 for URL https://www.hopkinsmedicine.org in 644.35539ms
Worker 0: Received HTTP status 200 for URL https://www.un.org in 872.704182ms
Worker 2: Received HTTP status 405 for URL https://www.amazon.co.jp in 1.346865423s
Worker 4: Received HTTP status 200 for URL https://www.trustpilot.com in 842.400721ms
Worker 0: Received HTTP status 200 for URL https://www.express.co.uk in 762.876758ms
Worker 1: Received HTTP status 406 for URL https://www.prezi.com in 1.61400944s
Worker 2: Received HTTP status 200 for URL https://www.abebooks.com in 721.453165ms
Worker 4: Received HTTP status 405 for URL https://www.amazon.ca in 1.008160192s
Worker 3: Received HTTP status 200 for URL https://www.movieweb.com in 1.941285942s
Worker 1: Received HTTP status 200 for URL https://www.esquire.com in 790.478335ms
Worker 0: Received HTTP status 503 for URL https://www.groupon.com in 1.118599286s
Worker 4: Received HTTP status 200 for URL https://www.deezer.com in 801.793014ms
Worker 3: Received HTTP status 200 for URL https://www.texas.gov in 796.842263ms
Worker 4: Received HTTP status 200 for URL https://www.mit.edu in 772.320001ms
Worker 0: Received HTTP status 403 for URL https://www.apkpure.com in 1.56055557s
Worker 2: Received HTTP status 200 for URL https://www.nextdoor.com in 2.387651123s
Worker 4: Received HTTP status 200 for URL https://www.thegamer.com in 597.597396ms
Worker 1: Received HTTP status 200 for URL https://www.sagepub.com in 2.054127653s
Worker 2: Received HTTP status 200 for URL https://www.loc.gov in 654.784307ms
Worker 3: Received HTTP status 200 for URL https://www.glosbe.com in 2.010897141s
Worker 4: Received HTTP status 200 for URL https://www.ouest-france.fr in 1.237953777s
Worker 1: Received HTTP status 200 for URL https://www.pxfuel.com in 1.404452555s
Worker 0: Received HTTP status 200 for URL https://www.timesofindia.com in 1.917203025s
Worker 2: Received HTTP status 200 for URL https://www.vulture.com in 1.138920523s
Worker 3: Received HTTP status 200 for URL https://www.superpages.com in 1.515011323s
Worker 4: Received HTTP status 404 for URL https://www.dnb.com in 956.378959ms
Worker 1: Error pinging https://www.testbook.com after 722.09476ms: Head "https://www.testbook.com": tls: failed to verify certificate: x509: certificate signed by unknown authority
Worker 0: Received HTTP status 403 for URL https://www.academic-accelerator.com in 832.642175ms
Worker 2: Received HTTP status 200 for URL https://www.vedantu.com in 1.097997026s
Worker 3: Received HTTP status 200 for URL https://www.metacritic.com in 829.852365ms
Worker 4: Received HTTP status 200 for URL https://www.thehindu.com in 995.68027ms
Worker 0: Received HTTP status 200 for URL https://www.tomsguide.com in 995.658117ms
Worker 4: Received HTTP status 200 for URL https://www.rd.com in 608.021165ms
Worker 2: Received HTTP status 200 for URL https://www.abc.net.au in 1.073882049s
Worker 1: Received HTTP status 200 for URL https://www.patch.com in 1.741130875s
Worker 3: Received HTTP status 200 for URL https://www.mashable.com in 1.052486204s
Worker 0: Received HTTP status 200 for URL https://www.billboard.com in 716.732992ms
Worker 2: Received HTTP status 200 for URL https://www.wikidata.org in 453.989605ms
Worker 3: Received HTTP status 503 for URL https://www.travelocity.com in 358.664361ms
Worker 1: Received HTTP status 200 for URL https://www.stanford.edu in 454.010031ms
Worker 4: Received HTTP status 200 for URL https://www.theconversation.com in 665.472905ms
Worker 0: Received HTTP status 200 for URL https://www.definitions.net in 707.572802ms
Worker 2: Received HTTP status 200 for URL https://www.airbnb.com in 802.527539ms
Worker 1: Received HTTP status 200 for URL https://www.indiatoday.in in 1.314961348s
Worker 1: Received HTTP status 200 for URL https://www.standard.co.uk in 826.84525ms
Worker 4: Received HTTP status 200 for URL https://www.tripadvisor.co.uk in 2.103398565s
Worker 2: Received HTTP status 200 for URL https://www.redfin.com in 1.48464806s
Worker 3: Received HTTP status 200 for URL https://www.aminoapps.com in 2.237177015s
Worker 0: Received HTTP status 200 for URL https://www.poshmark.com in 1.879984683s
Worker 3: Received HTTP status 200 for URL https://www.newsweek.com in 1.105385063s
Worker 4: Received HTTP status 200 for URL https://www.kleinanzeigen.de in 1.249202169s
Worker 2: Received HTTP status 200 for URL https://www.statista.com in 1.251733971s
Worker 0: Received HTTP status 200 for URL https://www.medicinenet.com in 1.152102893s
Worker 3: Received HTTP status 200 for URL https://www.foodnetwork.com in 538.929865ms
Worker 1: Received HTTP status 200 for URL https://www.educalingo.com in 2.044273931s
Worker 2: Received HTTP status 403 for URL https://www.tandfonline.com in 982.195001ms
Worker 0: Received HTTP status 200 for URL https://www.ldoceonline.com in 1.479815765s
Worker 3: Received HTTP status 200 for URL https://www.news18.com in 1.421645429s
Worker 1: Received HTTP status 200 for URL https://www.marriott.com in 1.403526401s
Worker 0: Received HTTP status 200 for URL https://www.polygon.com in 596.188356ms
Worker 4: Received HTTP status 200 for URL https://www.rateyourmusic.com in 2.45221085s
Worker 0: Received HTTP status 405 for URL https://www.justwatch.com in 348.777628ms
Worker 2: Received HTTP status 200 for URL https://www.houzz.com in 1.646248528s
Worker 4: Received HTTP status 200 for URL https://www.techtarget.com in 345.576109ms
Worker 1: Received HTTP status 200 for URL https://www.macys.com in 710.903298ms
Worker 0: Error pinging https://www.libretexts.org after 810.055238ms: Head "https://www.libretexts.org": tls: failed to verify certificate: x509: certificate is valid for libretexts.net, not www.libretexts.org
Worker 4: Received HTTP status 200 for URL https://www.restaurantji.com in 925.2793ms
Worker 2: Received HTTP status 200 for URL https://www.zippia.com in 1.159031145s
Worker 3: Received HTTP status 200 for URL https://www.umich.edu in 3.042921326s
Worker 2: Received HTTP status 200 for URL https://www.harpersbazaar.com in 1.176936149s
Worker 4: Received HTTP status 200 for URL https://www.southernliving.com in 1.259893693s
Worker 3: Received HTTP status 200 for URL https://www.refinery29.com in 335.801261ms
Worker 2: Received HTTP status 200 for URL https://www.the-sun.com in 339.980089ms
Worker 1: Received HTTP status 200 for URL https://www.archive.org in 2.424432861s
Worker 3: Received HTTP status 200 for URL https://www.prnewswire.com in 385.711204ms
Worker 2: Received HTTP status 200 for URL https://www.gamesradar.com in 414.18283ms
Worker 4: Received HTTP status 200 for URL https://www.nymag.com in 794.403443ms
Worker 0: Received HTTP status 200 for URL https://www.goo.ne.jp in 2.486160481s
Worker 3: Received HTTP status 200 for URL https://www.hubspot.com in 224.542589ms
Worker 2: Received HTTP status 200 for URL https://www.encyclopedia.com in 291.395678ms
Worker 3: Received HTTP status 200 for URL https://www.mundodeportivo.com in 610.668655ms
Worker 1: Received HTTP status 200 for URL https://www.shabdkosh.com in 1.388379593s
Worker 2: Received HTTP status 200 for URL https://www.naver.com in 706.498452ms
Worker 4: Received HTTP status 200 for URL https://www.medscape.com in 1.003843949s
Worker 0: Received HTTP status 200 for URL https://www.kidshealth.org in 1.22623213s
Worker 2: Received HTTP status 200 for URL https://www.google.co.jp in 916.483084ms
Worker 4: Received HTTP status 200 for URL https://www.elespanol.com in 1.207491823s
Worker 0: Received HTTP status 200 for URL https://www.dexerto.com in 980.21527ms
Worker 3: Received HTTP status 200 for URL https://www.wa.gov in 1.778147131s
Worker 2: Received HTTP status 200 for URL https://www.realsimple.com in 698.394868ms
Worker 0: Received HTTP status 200 for URL https://www.chron.com in 424.307464ms
Worker 4: Received HTTP status 200 for URL https://www.google.fr in 481.560995ms
Worker 3: Received HTTP status 200 for URL https://www.cbssports.com in 335.812486ms
Worker 0: Received HTTP status 200 for URL https://www.india.com in 998.736381ms
Worker 4: Received HTTP status 200 for URL https://www.vectorstock.com in 1.137624177s
Worker 2: Received HTTP status 200 for URL https://www.hm.com in 1.466585657s
Worker 3: Received HTTP status 200 for URL https://www.ft.com in 1.289395012s
Worker 0: Received HTTP status 200 for URL https://www.manta.com in 742.295417ms
Worker 2: Received HTTP status 200 for URL https://www.nps.gov in 637.102929ms
Worker 3: Received HTTP status 200 for URL https://www.nsw.gov.au in 1.629908248s
Worker 0: Received HTTP status 200 for URL https://www.commonsensemedia.org in 1.673009377s
Worker 2: Received HTTP status 403 for URL https://www.doordash.com in 1.736899003s
Worker 4: Received HTTP status 200 for URL https://www.softonic.com in 2.69177043s
Worker 2: Received HTTP status 200 for URL https://www.dw.com in 1.338037289s
Worker 0: Received HTTP status 200 for URL https://www.metro.co.uk in 1.733173188s
Worker 4: Received HTTP status 200 for URL https://www.answers.com in 1.32497481s
Worker 3: Received HTTP status 200 for URL https://www.allevents.in in 2.398611066s
Worker 0: Received HTTP status 200 for URL https://www.tasteofhome.com in 368.466361ms
Worker 4: Error pinging https://www.com.be after 675.752877ms: Head "https://www.com.be": dial tcp: lookup www.com.be on 172.22.160.1:53: no such host
Worker 0: Received HTTP status 200 for URL https://www.ibm.com in 525.319949ms
Worker 2: Received HTTP status 200 for URL https://www.hinative.com in 1.296382699s
Worker 3: Received HTTP status 200 for URL https://www.lemonde.fr in 1.087802876s
Worker 2: Received HTTP status 200 for URL https://www.bhg.com in 424.374102ms
Worker 0: Received HTTP status 503 for URL https://www.pons.com in 955.718117ms
Worker 2: Received HTTP status 200 for URL https://www.thepioneerwoman.com in 216.595817ms
Worker 3: Received HTTP status 200 for URL https://www.nationalgeographic.com in 457.521456ms
Worker 0: Received HTTP status 200 for URL https://www.menupix.com in 473.590762ms
Worker 2: Received HTTP status 200 for URL https://www.mercari.com in 550.896948ms
Worker 3: Received HTTP status 200 for URL https://www.state.gov in 869.054953ms
Worker 0: Received HTTP status 200 for URL https://www.radiotimes.com in 574.775099ms
Worker 4: Received HTTP status 200 for URL https://www.vymaps.com in 2.207864632s
Worker 1: Request to https://www.line.me timed out after 10.000586567s
Worker 1: Received HTTP status 200 for URL https://www.foxnews.com in 3.292441249s
Worker 1: Received HTTP status 200 for URL https://www.livemint.com in 261.413411ms
Worker 4: Received HTTP status 200 for URL https://www.deadline.com in 3.759945456s
Worker 2: Error pinging https://www.e-riset.biz.id after 4.456192861s: Head "https://www.e-riset.biz.id": dial tcp: lookup www.e-riset.biz.id on 172.22.160.1:53: server misbehaving
Worker 3: Received HTTP status 200 for URL https://www.brainly.in in 4.221559875s
Worker 1: Received HTTP status 200 for URL https://www.google.com.au in 312.145446ms
Worker 4: Received HTTP status 200 for URL https://www.elmundo.es in 482.328361ms
Worker 2: Received HTTP status 200 for URL https://www.bleacherreport.com in 536.878277ms
Worker 3: Received HTTP status 200 for URL https://www.google.com.ua in 598.411435ms
Worker 2: Received HTTP status 200 for URL https://www.huffpost.com in 260.842384ms
Worker 4: Received HTTP status 200 for URL https://www.coursehero.com in 573.996532ms
Worker 3: Received HTTP status 200 for URL https://www.theatlantic.com in 246.836804ms
Worker 0: Received HTTP status 200 for URL https://www.pngtree.com in 5.121614587s
Worker 4: Received HTTP status 403 for URL https://www.a-z-animals.com in 564.570011ms
Worker 3: Received HTTP status 200 for URL https://www.euronews.com in 631.80503ms
Worker 1: Received HTTP status 200 for URL https://www.zaubee.com in 1.883946436s
Worker 4: Received HTTP status 200 for URL https://www.digitalspy.com in 1.190255596s
Worker 2: Received HTTP status 200 for URL https://www.jiosaavn.com in 1.925451969s
Worker 3: Received HTTP status 200 for URL https://www.instructables.com in 1.214909718s
Worker 2: Received HTTP status 200 for URL https://www.ranker.com in 256.671656ms
Worker 1: Received HTTP status 200 for URL https://www.weather.com in 1.16617324s
Worker 3: Received HTTP status 403 for URL https://www.buzzfile.com in 443.481072ms
Worker 4: Received HTTP status 200 for URL https://www.nerdwallet.com in 631.714138ms
Worker 2: Received HTTP status 200 for URL https://www.nordstrom.com in 439.001115ms
Worker 1: Received HTTP status 200 for URL https://www.newyorker.com in 344.229136ms
Worker 3: Received HTTP status 200 for URL https://www.makemytrip.com in 765.691935ms
Worker 4: Received HTTP status 200 for URL https://www.tutorialspoint.com in 2.204853265s
Worker 1: Received HTTP status 200 for URL https://www.healthgrades.com in 1.981536716s
Worker 1: Received HTTP status 200 for URL https://www.lyrics.com in 1.101137238s
Worker 0: Received HTTP status 302 for URL https://www.tistory.com in 5.92377527s
Worker 2: Received HTTP status 200 for URL https://www.goal.com in 3.923514477s
Worker 1: Received HTTP status 200 for URL https://www.abplive.com in 892.165395ms
Worker 4: Received HTTP status 200 for URL https://www.jooble.org in 2.155507032s
Worker 2: Received HTTP status 200 for URL https://www.alberta.ca in 420.386853ms
Worker 0: Received HTTP status 200 for URL https://www.nike.com in 750.600685ms
Worker 4: Received HTTP status 200 for URL https://www.pinterest.es in 985.455332ms
Worker 2: Received HTTP status 200 for URL https://www.behance.net in 834.817468ms
Worker 1: Received HTTP status 200 for URL https://www.letras.com in 1.134382631s
Worker 0: Received HTTP status 200 for URL https://www.azlyrics.com in 1.149112803s
Worker 2: Received HTTP status 403 for URL https://www.goodrx.com in 465.549587ms
Worker 4: Received HTTP status 200 for URL https://www.betterhealth.vic.gov.au in 881.431662ms
Worker 0: Received HTTP status 403 for URL https://www.uptodown.com in 638.454846ms
Worker 4: Received HTTP status 200 for URL https://www.asos.com in 293.534056ms
Worker 2: Received HTTP status 200 for URL https://www.bmj.com in 706.703134ms
Worker 3: Received HTTP status 200 for URL https://www.hinkhoj.com in 6.100090312s
Worker 0: Received HTTP status 403 for URL https://www.simplyhired.com in 539.376137ms
Worker 4: Received HTTP status 405 for URL https://www.primevideo.com in 510.286114ms
Worker 1: Received HTTP status 200 for URL https://www.rocketreach.co in 1.66735841s
Worker 2: Received HTTP status 200 for URL https://www.eater.com in 532.941346ms
Worker 0: Received HTTP status 403 for URL https://www.masterclass.com in 565.815351ms
Worker 4: Received HTTP status 200 for URL https://www.timeanddate.com in 583.437853ms
Worker 2: Received HTTP status 200 for URL https://www.consumerreports.org in 901.631176ms
Worker 3: Received HTTP status 200 for URL https://www.lyricstranslate.com in 1.253330979s
Worker 1: Received HTTP status 200 for URL https://www.howstuffworks.com in 1.259506122s
Worker 4: Received HTTP status 200 for URL https://www.tribunnews.com in 775.136172ms
Worker 0: Received HTTP status 200 for URL https://www.ctvnews.ca in 1.059055098s
Worker 1: Received HTTP status 200 for URL https://www.caranddriver.com in 388.997099ms
Worker 3: Received HTTP status 200 for URL https://www.xbox.com in 626.554046ms
Worker 0: Received HTTP status 200 for URL https://www.fda.gov in 1.370493381s
Worker 1: Received HTTP status 200 for URL https://www.healthdirect.gov.au in 1.626470851s
Worker 3: Received HTTP status 200 for URL https://www.psu.edu in 1.810582541s
Worker 4: Received HTTP status 200 for URL https://www.detik.com in 2.256463807s
Worker 1: Received HTTP status 200 for URL https://www.stylecraze.com in 561.054822ms
Worker 2: Received HTTP status 301 for URL https://www.ebay.ca in 3.199608559s
Worker 4: Received HTTP status 403 for URL https://www.pexels.com in 927.73238ms
Worker 1: Received HTTP status 200 for URL https://www.kohls.com in 861.516816ms
Worker 0: Received HTTP status 200 for URL https://www.comicbook.com in 1.930600853s
Worker 2: Received HTTP status 200 for URL https://www.thespruceeats.com in 723.539161ms
Worker 3: Received HTTP status 200 for URL https://www.tr-ex.me in 2.201863952s
Worker 4: Received HTTP status 200 for URL https://www.byrdie.com in 1.239472721s
Worker 2: Received HTTP status 200 for URL https://www.eventbrite.com in 1.303371769s
Worker 3: Received HTTP status 200 for URL https://www.vice.com in 531.724812ms
Worker 4: Received HTTP status 200 for URL https://www.grubhub.com in 478.4531ms
Worker 2: Received HTTP status 200 for URL https://www.linguee.com in 710.554469ms
Worker 0: Received HTTP status 200 for URL https://www.aarp.org in 2.115755793s
Worker 1: Received HTTP status 301 for URL https://www.ebay.de in 2.263196703s
Worker 2: Received HTTP status 200 for URL https://www.bustle.com in 256.172933ms
Worker 3: Received HTTP status 200 for URL https://www.teacherspayteachers.com in 898.700436ms
Worker 0: Received HTTP status 200 for URL https://www.google.com.br in 385.386847ms
Worker 1: Received HTTP status 403 for URL https://www.justanswer.com in 415.5763ms
Worker 2: Received HTTP status 200 for URL https://www.drugs.com in 287.232699ms
Worker 3: Received HTTP status 200 for URL https://www.amazon.es in 748.38536ms
Worker 0: Received HTTP status 200 for URL https://www.noaa.gov in 820.012994ms
Worker 1: Received HTTP status 200 for URL https://www.etymonline.com in 1.006372204s
Worker 2: Received HTTP status 503 for URL https://www.mountsinai.org in 1.06148712s
Worker 0: Received HTTP status 200 for URL https://www.nme.com in 554.121552ms
Worker 3: Received HTTP status 200 for URL https://www.howtogeek.com in 816.755813ms
Worker 2: Received HTTP status 200 for URL https://www.momjunction.com in 385.509061ms
Worker 1: Received HTTP status 200 for URL https://www.pinterest.de in 547.079382ms
Worker 0: Received HTTP status 200 for URL https://www.vox.com in 325.086351ms
Worker 3: Received HTTP status 200 for URL https://www.delish.com in 446.136088ms
Worker 1: Received HTTP status 200 for URL https://www.travelandleisure.com in 444.858368ms
Worker 2: Received HTTP status 200 for URL https://www.sportingnews.com in 568.940975ms
Worker 3: Received HTTP status 503 for URL https://www.orbitz.com in 438.882826ms
Worker 0: Received HTTP status 200 for URL https://www.opentable.com in 729.577556ms
Worker 0: Received HTTP status 200 for URL https://www.bbcgoodfood.com in 1.910355058s
Worker 2: Received HTTP status 200 for URL https://www.letras.mus.br in 2.496775739s
Worker 3: Received HTTP status 200 for URL https://www.wanderlog.com in 3.515569094s
Worker 2: Received HTTP status 200 for URL https://www.mozilla.org in 1.270347531s
Worker 1: Received HTTP status 200 for URL https://www.prom.ua in 4.102213422s
Worker 4: Received HTTP status 200 for URL https://www.javatpoint.com in 7.480963941s
Worker 3: Received HTTP status 403 for URL https://www.planetofhotels.com in 708.624587ms
Worker 2: Received HTTP status 200 for URL https://www.eonline.com in 812.062749ms
Worker 0: Received HTTP status 200 for URL https://www.umn.edu in 2.466898078s
Worker 1: Received HTTP status 200 for URL https://www.kroger.com in 838.943493ms
Worker 3: Received HTTP status 200 for URL https://www.justia.com in 2.074840417s
Worker 0: Received HTTP status 200 for URL https://www.google.co.id in 2.289352772s
Worker 4: Error pinging https://www.fauzihidayati.cfd after 2.884879068s: Head "https://www.fauzihidayati.cfd": dial tcp: lookup www.fauzihidayati.cfd on 172.22.160.1:53: server misbehaving
Worker 2: Received HTTP status 200 for URL https://www.johnlewis.com in 2.626364048s
Worker 0: Received HTTP status 200 for URL https://www.fresherslive.com in 636.562484ms
Worker 1: Received HTTP status 200 for URL https://www.yumpu.com in 2.744539723s
Worker 3: Received HTTP status 200 for URL https://www.shopify.com in 1.340300543s
Worker 4: Received HTTP status 200 for URL https://www.columbia.edu in 861.458071ms
Worker 2: Received HTTP status 200 for URL https://www.lemon8-app.com in 977.336214ms
Worker 0: Received HTTP status 200 for URL https://www.kompas.com in 569.923532ms
Worker 3: Received HTTP status 200 for URL https://www.lawinsider.com in 589.294712ms
Worker 1: Received HTTP status 200 for URL https://www.trulia.com in 967.602797ms
Worker 4: Received HTTP status 200 for URL https://www.pngegg.com in 654.382652ms
Worker 2: Received HTTP status 200 for URL https://www.bestplaces.net in 907.649924ms
Worker 0: Received HTTP status 200 for URL https://www.apa.org in 963.082192ms
Worker 3: Received HTTP status 200 for URL https://www.va.gov in 1.02138203s
Worker 1: Received HTTP status 200 for URL https://www.vrbo.com in 902.677966ms
Worker 2: Received HTTP status 200 for URL https://www.sky.com in 627.467888ms
Worker 4: Received HTTP status 200 for URL https://www.scmp.com in 1.803521598s
Worker 1: Received HTTP status 200 for URL https://www.si.edu in 4.759915861s
Worker 2: Received HTTP status 200 for URL https://www.20minutos.es in 4.722134493s
Worker 0: Received HTTP status 200 for URL https://www.theculturetrip.com in 5.45050802s
Worker 4: Received HTTP status 200 for URL https://www.history.com in 4.233359866s
Worker 3: Error pinging https://www.e-beasiswa.biz.id after 5.466835903s: Head "https://www.e-beasiswa.biz.id": dial tcp: lookup www.e-beasiswa.biz.id on 172.22.160.1:53: server misbehaving
Worker 2: Received HTTP status 403 for URL https://www.zazzle.com in 587.922649ms
Worker 0: Received HTTP status 200 for URL https://www.oracle.com in 613.768771ms
Worker 4: Received HTTP status 200 for URL https://www.theknot.com in 493.921362ms
Worker 3: Received HTTP status 200 for URL https://www.vogue.com in 516.859696ms
Worker 2: Received HTTP status 200 for URL https://www.glamour.com in 424.508102ms
Worker 4: Received HTTP status 200 for URL https://www.allmusic.com in 346.00242ms
Worker 1: Received HTTP status 503 for URL https://www.apartments.com in 1.354367037s
Worker 3: Received HTTP status 200 for URL https://www.smithsonianmag.com in 312.331189ms
Worker 3: Received HTTP status 200 for URL https://www.chamberofcommerce.com in 1.785553631s
Worker 2: Received HTTP status 200 for URL https://www.olx.ua in 2.044182821s
Worker 1: Received HTTP status 200 for URL https://www.giphy.com in 1.949114517s
Worker 0: Received HTTP status 200 for URL https://www.birdeye.com in 2.370003754s
Worker 2: Received HTTP status 200 for URL https://www.aljazeera.com in 393.131304ms
Worker 4: Received HTTP status 200 for URL https://www.core.ac.uk in 2.384573402s
Worker 1: Received HTTP status 403 for URL https://www.pagesjaunes.fr in 623.314741ms
Worker 3: Received HTTP status 200 for URL https://www.archiveofourown.org in 917.703915ms
Worker 0: Received HTTP status 200 for URL https://www.semanticscholar.org in 935.486448ms
Worker 2: Received HTTP status 200 for URL https://www.upenn.edu in 714.426659ms
Worker 1: Received HTTP status 200 for URL https://www.health.com in 857.469742ms
Worker 0: Received HTTP status 405 for URL https://www.twitch.tv in 807.42308ms
Worker 3: Received HTTP status 200 for URL https://www.howtopronounce.com in 993.922912ms
Worker 1: Received HTTP status 200 for URL https://www.epa.gov in 778.62147ms
Worker 2: Received HTTP status 200 for URL https://www.wordnik.com in 1.308336017s
Worker 3: Received HTTP status 200 for URL https://www.pinterest.fr in 1.034252372s
Worker 0: Received HTTP status 200 for URL https://www.viator.com in 1.280103156s
Worker 4: Received HTTP status 403 for URL https://www.rozetka.com.ua in 2.935628236s
Worker 1: Received HTTP status 200 for URL https://www.zdnet.com in 1.180646472s
Worker 2: Received HTTP status 200 for URL https://www.investing.com in 1.487389481s
Worker 3: Received HTTP status 200 for URL https://www.argos.co.uk in 1.052486351s
Worker 0: Received HTTP status 200 for URL https://www.mass.gov in 949.1894ms
Worker 3: Received HTTP status 200 for URL https://www.tokopedia.com in 1.37888761s
Worker 4: Received HTTP status 200 for URL https://www.bilibili.tv in 2.081435146s
Worker 0: Received HTTP status 200 for URL https://www.mercadolivre.com.br in 1.758508049s
Worker 3: Received HTTP status 200 for URL https://www.livescience.com in 457.002861ms
Worker 1: Received HTTP status 200 for URL https://www.cookpad.com in 2.360853435s
Worker 2: Received HTTP status 200 for URL https://www.roadtrippers.com in 2.052563628s
Worker 4: Received HTTP status 200 for URL https://www.bobvila.com in 519.714404ms
Worker 0: Received HTTP status 200 for URL https://www.angi.com in 557.152322ms
Worker 1: Received HTTP status 200 for URL https://www.smh.com.au in 1.34205461s
Worker 2: Received HTTP status 404 for URL https://www.alltrails.com in 1.374215153s
Worker 4: Received HTTP status 200 for URL https://www.cinemablend.com in 1.33709727s
Worker 3: Received HTTP status 200 for URL https://www.namu.wiki in 3.22018964s
Worker 2: Received HTTP status 200 for URL https://www.legacy.com in 1.965911437s
Worker 1: Received HTTP status 200 for URL https://www.rogerebert.com in 2.110476812s
Worker 3: Received HTTP status 200 for URL https://www.skysports.com in 956.915067ms
Worker 1: Received HTTP status 200 for URL https://www.foodandwine.com in 1.092466445s
Worker 4: Received HTTP status 200 for URL https://www.casetext.com in 3.164910928s
Worker 3: Received HTTP status 200 for URL https://www.francetvinfo.fr in 1.122486865s
Worker 1: Received HTTP status 200 for URL https://www.marthastewart.com in 716.192256ms
Worker 3: Received HTTP status 200 for URL https://www.amazon.it in 322.84687ms
Worker 4: Received HTTP status 200 for URL https://www.theathletic.com in 1.109430465s
Worker 3: Received HTTP status 403 for URL https://www.almaany.com in 392.864456ms
Worker 1: Received HTTP status 200 for URL https://www.looper.com in 851.737118ms
Worker 4: Error pinging https://www.azurefd.net after 413.166675ms: Head "https://www.azurefd.net": tls: failed to verify certificate: x509: certificate is valid for *.azureedge.net, *.media.microsoftstream.com, *.origin.mediaservices.windows.net, *.streaming.mediaservices.windows.net, not www.azurefd.net
Worker 2: Received HTTP status 200 for URL https://www.walmart.ca in 2.906811888s
Worker 0: Received HTTP status 200 for URL https://www.uptodate.com in 5.855121081s
Worker 3: Received HTTP status 200 for URL https://www.foxsports.com in 424.392523ms
Worker 1: Received HTTP status 200 for URL https://www.androidauthority.com in 361.942452ms
Worker 4: Received HTTP status 200 for URL https://www.filmaffinity.com in 980.445308ms
Worker 2: Received HTTP status 200 for URL https://www.travelweekly.com in 1.262704798s
Worker 0: Received HTTP status 200 for URL https://www.gutefrage.net in 1.32073038s
Worker 1: Received HTTP status 200 for URL https://www.ultimate-guitar.com in 1.536806914s
Worker 4: Received HTTP status 200 for URL https://www.loopnet.com in 902.563026ms
Worker 2: Received HTTP status 405 for URL https://www.amazon.com.au in 543.272241ms
Worker 3: Received HTTP status 200 for URL https://www.letterboxd.com in 1.902422066s
Worker 0: Received HTTP status 200 for URL https://www.ufl.edu in 850.719366ms
Worker 1: Received HTTP status 200 for URL https://www.pinkvilla.com in 705.505041ms
Worker 4: Received HTTP status 200 for URL https://www.psychologytoday.com in 936.228494ms
Worker 2: Received HTTP status 200 for URL https://www.fnac.com in 1.398725754s
Worker 0: Received HTTP status 405 for URL https://www.amazon.com.br in 1.071608941s
Worker 3: Received HTTP status 200 for URL https://www.instacart.com in 1.826328452s
Worker 4: Received HTTP status 200 for URL https://www.elconfidencial.com in 1.859999924s
Worker 1: Received HTTP status 200 for URL https://www.abc.es in 2.187542001s
Worker 2: Received HTTP status 403 for URL https://www.outlookindia.com in 1.450589175s
Worker 3: Received HTTP status 200 for URL https://www.nyc.gov in 1.310579754s
Worker 0: Received HTTP status 200 for URL https://www.thetimes.co.uk in 2.097696635s
Worker 4: Received HTTP status 200 for URL https://www.wondershare.com in 934.223636ms
Worker 1: Received HTTP status 403 for URL https://www.yell.com in 1.114055785s
Worker 2: Received HTTP status 200 for URL https://www.ieee.org in 1.136264141s
Worker 3: Received HTTP status 200 for URL https://www.zmenu.com in 1.028387396s
Worker 0: Received HTTP status 200 for URL https://www.lovetoknow.com in 881.424442ms
Worker 4: Received HTTP status 200 for URL https://www.thekitchn.com in 931.46371ms
Worker 1: Received HTTP status 200 for URL https://www.prevention.com in 752.299649ms
Worker 2: Received HTTP status 200 for URL https://www.peakpx.com in 987.424081ms
Worker 3: Received HTTP status 200 for URL https://www.focus.de in 1.103546953s
Worker 0: Received HTTP status 200 for URL https://www.distractify.com in 1.049920609s
Worker 4: Received HTTP status 200 for URL https://www.cntraveler.com in 1.050319176s
Worker 1: Received HTTP status 200 for URL https://www.totalfishing.ro in 2.544271055s
Worker 2: Received HTTP status 200 for URL https://www.magazineluiza.com.br in 2.491606427s
Worker 0: Received HTTP status 200 for URL https://www.marketwatch.com in 2.013818895s
Worker 4: Received HTTP status 200 for URL https://www.w3schools.com in 1.979893737s
Worker 1: Received HTTP status 200 for URL https://www.city-data.com in 560.990019ms
Worker 3: Received HTTP status 200 for URL https://www.mubi.com in 2.812570088s
Worker 0: Received HTTP status 200 for URL https://www.ed.gov in 905.615794ms
Worker 3: Received HTTP status 200 for URL https://www.berkeley.edu in 738.495276ms
Worker 4: Received HTTP status 200 for URL https://www.livejournal.com in 1.742293622s
Worker 0: Received HTTP status 200 for URL https://www.wordsense.eu in 1.124200051s
Worker 2: Received HTTP status 200 for URL https://www.decider.com in 2.23886714s
Worker 3: Received HTTP status 200 for URL https://www.bol.com in 781.936778ms
Worker 4: Received HTTP status 200 for URL https://www.rochester.edu in 470.496814ms
Worker 0: Received HTTP status 200 for URL https://www.squarespace.com in 291.049896ms
Worker 3: Received HTTP status 418 for URL https://www.vk.com in 1.130186236s
Worker 0: Received HTTP status 200 for URL https://www.liputan6.com in 1.444045107s
Worker 1: Received HTTP status 200 for URL https://www.nhsinform.scot in 4.194679279s
Worker 3: Received HTTP status 200 for URL https://www.jagran.com in 1.152133857s
Worker 2: Received HTTP status 200 for URL https://www.yandex.ru in 2.619063707s
Worker 4: Received HTTP status 200 for URL https://www.picclick.com in 2.90295521s
Worker 3: Received HTTP status 200 for URL https://www.loc8nearme.com in 1.041705052s
Worker 0: Received HTTP status 200 for URL https://www.alamy.es in 1.856493737s
Worker 3: Received HTTP status 200 for URL https://www.sofascore.com in 333.055135ms
Worker 4: Received HTTP status 200 for URL https://www.cars.com in 725.329553ms
Worker 2: Received HTTP status 200 for URL https://www.songfacts.com in 1.153368432s
Worker 1: Received HTTP status 200 for URL https://www.globalnews.ca in 1.795446937s
Worker 0: Received HTTP status 200 for URL https://www.bizjournals.com in 599.232073ms
Worker 3: Received HTTP status 200 for URL https://www.leparisien.fr in 1.160379899s
Worker 2: Received HTTP status 200 for URL https://www.thrillist.com in 1.429387968s
Worker 1: Received HTTP status 200 for URL https://www.kiddle.co in 1.527948127s
Worker 3: Received HTTP status 404 for URL https://www.samsclub.com in 819.207708ms
Worker 2: Received HTTP status 200 for URL https://www.mlb.com in 537.979984ms
Worker 0: Received HTTP status 200 for URL https://www.unirioja.es in 2.002726524s
Worker 4: Received HTTP status 200 for URL https://www.fc2.com in 2.42978675s
Worker 1: Received HTTP status 200 for URL https://www.cdiscount.com in 1.11199857s
Worker 3: Received HTTP status 200 for URL https://www.pinterest.co.uk in 979.126793ms
Worker 2: Received HTTP status 200 for URL https://www.purewow.com in 949.270215ms
Worker 0: Received HTTP status 200 for URL https://www.news-medical.net in 865.876081ms
Worker 1: Received HTTP status 200 for URL https://www.walgreens.com in 470.318996ms
Worker 4: Received HTTP status 200 for URL https://www.moneycontrol.com in 1.037844182s
Worker 0: Received HTTP status 200 for URL https://www.eatingwell.com in 581.344197ms
Worker 2: Received HTTP status 200 for URL https://www.gq.com in 847.50948ms
Worker 1: Received HTTP status 200 for URL https://www.eurogamer.net in 559.743931ms
Worker 4: Received HTTP status 200 for URL https://www.acs.org in 536.598994ms
Worker 3: Received HTTP status 200 for URL https://www.dribbble.com in 1.337264758s
Worker 1: Received HTTP status 200 for URL https://www.google.it in 940.916581ms
Worker 4: Received HTTP status 200 for URL https://www.shazam.com in 942.583159ms
Worker 2: Received HTTP status 200 for URL https://www.techcrunch.com in 1.215706179s
Worker 0: Received HTTP status 200 for URL https://www.larousse.fr in 1.446686024s
Worker 3: Received HTTP status 200 for URL https://www.priceline.com in 1.156977116s
Worker 1: Received HTTP status 200 for URL https://www.michigan.gov in 741.780108ms
Worker 0: Received HTTP status 200 for URL https://www.housebeautiful.com in 624.319088ms
Worker 2: Received HTTP status 200 for URL https://www.hellomagazine.com in 837.887826ms
Worker 1: Error pinging https://www.letih.online after 694.441237ms: Head "https://www.letih.online": dial tcp: lookup www.letih.online on 172.22.160.1:53: no such host
Worker 3: Received HTTP status 200 for URL https://www.usgs.gov in 922.312118ms
Worker 0: Received HTTP status 403 for URL https://www.picuki.com in 835.216569ms
Worker 4: Received HTTP status 200 for URL https://www.livestrong.com in 1.725375765s
Worker 1: Error pinging https://www.virginia.gov after 785.081893ms: Head "https://www.virginia.gov": tls: failed to verify certificate: x509: certificate signed by unknown authority
Worker 0: Received HTTP status 200 for URL https://www.food.com in 1.321231453s
Worker 2: Received HTTP status 200 for URL https://www.lyst.com in 2.17403662s
Worker 4: Received HTTP status 200 for URL https://www.washington.edu in 1.86084906s
Worker 0: Received HTTP status 200 for URL https://www.architecturaldigest.com in 574.4969ms
Worker 1: Received HTTP status 200 for URL https://www.rakuten.com in 1.519597506s
Worker 0: Received HTTP status 200 for URL https://www.usmagazine.com in 1.321856487s
Worker 2: Received HTTP status 200 for URL https://www.mynavi.jp in 1.969381675s
Worker 4: Received HTTP status 200 for URL https://www.wisc.edu in 1.477782012s
Worker 1: Received HTTP status 200 for URL https://www.zara.com in 1.412180817s
Worker 3: Received HTTP status 200 for URL https://www.kumparan.com in 4.088532629s
Worker 0: Received HTTP status 200 for URL https://www.playstation.com in 778.680813ms
Worker 2: Received HTTP status 200 for URL https://www.hgtv.com in 735.786772ms
Worker 4: Received HTTP status 200 for URL https://www.irs.gov in 742.518779ms
Worker 3: Received HTTP status 200 for URL https://www.allure.com in 747.638022ms
Worker 1: Received HTTP status 200 for URL https://www.tripadvisor.ca in 1.54248035s
Worker 2: Received HTTP status 200 for URL https://www.familyhandyman.com in 999.305653ms
Worker 4: Received HTTP status 200 for URL https://www.musixmatch.com in 1.093411623s
Worker 3: Received HTTP status 200 for URL https://www.fortune.com in 821.884667ms
Worker 1: Received HTTP status 403 for URL https://www.powerthesaurus.org in 1.144477597s
Worker 2: Received HTTP status 200 for URL https://www.cheatsheet.com in 1.105628191s
Worker 0: Received HTTP status 200 for URL https://www.plos.org in 2.689375503s
Worker 3: Received HTTP status 200 for URL https://www.ancestry.com in 2.236077095s
Worker 3: Received HTTP status 403 for URL https://www.artstation.com in 2.641187182s
Worker 1: Received HTTP status 200 for URL https://www.elcomercio.pe in 4.567588576s
Worker 4: Received HTTP status 200 for URL https://www.prtimes.jp in 5.502678031s
Worker 3: Received HTTP status 200 for URL https://www.verywellmind.com in 534.241564ms
Worker 2: Error pinging https://www.harfid.site after 4.618026508s: Head "https://www.harfid.site": dial tcp: lookup www.harfid.site on 172.22.160.1:53: server misbehaving
Worker 0: Received HTTP status 200 for URL https://www.untappd.com in 4.154998874s
Worker 1: Received HTTP status 403 for URL https://www.unam.mx in 411.181952ms
Worker 4: Received HTTP status 200 for URL https://www.womansday.com in 592.584731ms
Worker 2: Received HTTP status 200 for URL https://www.famousbirthdays.com in 790.525338ms
Worker 3: Received HTTP status 200 for URL https://www.farfetch.com in 1.038520104s
Worker 1: Received HTTP status 200 for URL https://www.freecodecamp.org in 816.800534ms
Worker 0: Received HTTP status 200 for URL https://www.mercadolibre.com.ar in 1.221351954s
Worker 4: Received HTTP status 200 for URL https://www.cvs.com in 802.258251ms
Worker 2: Received HTTP status 200 for URL https://www.purdue.edu in 674.776218ms
Worker 0: Received HTTP status 200 for URL https://www.indigo.ca in 1.193517073s
Worker 4: Received HTTP status 403 for URL https://www.cylex-uk.co.uk in 1.207536062s
Worker 2: Received HTTP status 200 for URL https://www.vanityfair.com in 1.082647403s
Worker 3: Received HTTP status 200 for URL https://www.republicworld.com in 1.753692208s
Worker 2: Received HTTP status 200 for URL https://www.verywellfit.com in 532.314101ms
Worker 1: Received HTTP status 200 for URL https://www.jamanetwork.com in 2.164386573s
Worker 0: Received HTTP status 200 for URL https://www.apkcombo.com in 827.342108ms
Worker 3: Received HTTP status 200 for URL https://www.news.com.au in 707.340578ms
Worker 1: Received HTTP status 200 for URL https://www.tripsavvy.com in 249.124986ms
Worker 0: Received HTTP status 200 for URL https://www.etonline.com in 339.389237ms
Worker 2: Received HTTP status 200 for URL https://www.beebom.com in 631.855893ms
Worker 4: Received HTTP status 200 for URL https://www.coursera.org in 1.996948208s
Worker 1: Error pinging https://www.note.com after 1.246421515s: Head "https://www.note.com": dial tcp: lookup www.note.com on 172.22.160.1:53: no such host
Worker 0: Received HTTP status 200 for URL https://www.denofgeek.com in 1.213458458s
Worker 2: Received HTTP status 200 for URL https://www.lonelyplanet.com in 1.500959708s
Worker 4: Received HTTP status 200 for URL https://www.scientificamerican.com in 917.963288ms
Worker 0: Received HTTP status 403 for URL https://www.udemy.com in 837.787626ms
Worker 2: Received HTTP status 503 for URL https://www.hp.com in 504.133229ms
Worker 4: Received HTTP status 200 for URL https://www.popularmechanics.com in 399.665403ms
Worker 0: Received HTTP status 403 for URL https://www.rae.es in 450.784764ms
Worker 4: Received HTTP status 200 for URL https://www.fineartamerica.com in 937.551053ms
Worker 2: Received HTTP status 404 for URL https://www.hatenablog.com in 1.076982593s
Worker 1: Received HTTP status 200 for URL https://www.klook.com in 2.427715572s
Worker 4: Received HTTP status 200 for URL https://www.hamariweb.com in 508.399441ms
Worker 0: Received HTTP status 200 for URL https://www.superuser.com in 1.175377873s
Worker 2: Received HTTP status 200 for URL https://www.pcgamer.com in 620.428778ms
Worker 1: Received HTTP status 200 for URL https://www.yale.edu in 508.017639ms
Worker 4: Received HTTP status 200 for URL https://www.fool.com in 599.907499ms
Worker 2: Received HTTP status 200 for URL https://www.bedbathandbeyond.com in 884.669654ms
Worker 4: Received HTTP status 200 for URL https://www.thriftbooks.com in 603.891581ms
Worker 1: Received HTTP status 200 for URL https://www.newsbreak.com in 1.036795771s
Worker 3: Received HTTP status 200 for URL https://www.arxiv.org in 5.319364925s
Worker 3: Received HTTP status 403 for URL https://www.meesho.com in 648.33705ms
Worker 1: Received HTTP status 200 for URL https://www.roku.com in 830.392926ms
Worker 2: Received HTTP status 200 for URL https://www.osgamers.com in 1.360062776s
Worker 3: Received HTTP status 200 for URL https://www.ingles.com in 334.81236ms
Worker 0: Received HTTP status 200 for URL https://www.kaiserpermanente.org in 2.610881671s
Worker 4: Received HTTP status 200 for URL https://www.doubtnut.com in 1.582810775s
Worker 2: Received HTTP status 200 for URL https://www.instyle.com in 854.448295ms
Worker 0: Received HTTP status 200 for URL https://www.iheart.com in 839.833935ms
Worker 3: Received HTTP status 200 for URL https://www.dickssportinggoods.com in 1.203345429s
Worker 4: Received HTTP status 200 for URL https://www.zendesk.com in 935.212002ms
Worker 2: Received HTTP status 200 for URL https://www.motortrend.com in 815.645892ms
Worker 2: Received HTTP status 200 for URL https://www.self.com in 768.706383ms
Worker 3: Received HTTP status 200 for URL https://www.mojim.com in 1.161591407s
Worker 0: Received HTTP status 200 for URL https://www.olympics.com in 1.770543018s
Worker 1: Received HTTP status 301 for URL https://www.ebay.com.au in 3.110147482s
Worker 2: Received HTTP status 403 for URL https://www.bringfido.com in 557.059309ms
Worker 3: Received HTTP status 200 for URL https://www.bonappetit.com in 746.776682ms
Worker 4: Received HTTP status 200 for URL https://www.ct.gov in 2.435576007s
Worker 1: Received HTTP status 403 for URL https://www.newegg.com in 927.019296ms
Worker 0: Received HTTP status 200 for URL https://www.timesnownews.com in 1.200085074s
Worker 2: Received HTTP status 200 for URL https://www.oprahdaily.com in 1.175527519s
Worker 4: Received HTTP status 200 for URL https://www.tvinsider.com in 951.215096ms
Worker 3: Received HTTP status 200 for URL https://www.sirved.com in 1.653267088s
Worker 1: Received HTTP status 200 for URL https://www.osu.edu in 1.186988186s
Worker 0: Received HTTP status 200 for URL https://www.army.mil in 1.22488935s
Worker 2: Received HTTP status 503 for URL https://www.edmunds.com in 1.203820752s
Worker 4: Received HTTP status 200 for URL https://www.kbb.com in 1.16892143s
Worker 3: Received HTTP status 200 for URL https://www.mercadolibre.com.mx in 1.184684762s
Worker 1: Received HTTP status 200 for URL https://www.france24.com in 1.234775569s
Worker 0: Received HTTP status 200 for URL https://www.homes.com in 1.231612924s
Worker 2: Received HTTP status 200 for URL https://www.justice.gov in 1.164620934s
Worker 3: Received HTTP status 200 for URL https://www.made-in-china.com in 2.936847155s
Worker 1: Received HTTP status 200 for URL https://www.weather.gov in 2.753907484s
Worker 4: Received HTTP status 200 for URL https://www.nikkei.com in 3.342852624s
Worker 0: Received HTTP status 200 for URL https://www.boomplay.com in 3.596538604s
Worker 2: Received HTTP status 200 for URL https://www.uchicago.edu in 3.970172122s
Worker 3: Received HTTP status 200 for URL https://www.20minutes.fr in 2.771548528s
Worker 1: Received HTTP status 200 for URL https://www.cancer.gov in 3.022952391s
Worker 4: Received HTTP status 200 for URL https://www.nasdaq.com in 3.160738307s
Worker 1: Error pinging https://www.wikimapia.org after 3.070701115s: Head "https://www.wikimapia.org": tls: failed to verify certificate: x509: certificate is valid for wikimapia.org, not www.wikimapia.org
Worker 2: Error pinging https://www.owgez.online after 7.12434324s: Head "https://www.owgez.online": dial tcp: lookup www.owgez.online on 172.22.160.1:53: server misbehaving
Worker 2: Received HTTP status 200 for URL https://www.smule.com in 644.052436ms
Worker 3: Received HTTP status 200 for URL https://www.brainly.lat in 6.533516326s
Worker 3: Received HTTP status 200 for URL https://www.seriouseats.com in 410.361406ms
Worker 2: Received HTTP status 200 for URL https://www.hbr.org in 823.701014ms
Worker 3: Received HTTP status 200 for URL https://www.chordify.net in 1.174895526s
Worker 4: Received HTTP status 200 for URL https://www.chicagotribune.com in 7.563747885s
Worker 1: Received HTTP status 200 for URL https://www.unacademy.com in 4.775477511s
Worker 0: Request to https://www.businesswire.com timed out after 10.001173374s
Worker 2: Received HTTP status 200 for URL https://www.yelp.ca in 1.125809395s
Worker 1: Received HTTP status 200 for URL https://www.next.co.uk in 1.158342196s
Worker 2: Received HTTP status 200 for URL https://www.carfax.com in 1.254921725s
Worker 4: Received HTTP status 200 for URL https://www.pa.gov in 1.810498567s
Worker 3: Received HTTP status 200 for URL https://www.wordwall.net in 2.072495977s
Worker 2: Received HTTP status 200 for URL https://www.pennmedicine.org in 500.702171ms
Worker 4: Received HTTP status 403 for URL https://www.bhphotovideo.com in 290.422806ms
Worker 1: Received HTTP status 200 for URL https://www.kijiji.ca in 969.781488ms
Worker 2: Received HTTP status 200 for URL https://www.bankrate.com in 329.900207ms
Worker 0: Received HTTP status 200 for URL https://www.pikiran-rakyat.com in 2.363369164s
Worker 4: Received HTTP status 200 for URL https://www.allmenus.com in 624.433573ms
Worker 1: Received HTTP status 200 for URL https://www.worldbank.org in 1.061974787s
Worker 2: Received HTTP status 200 for URL https://www.amarujala.com in 1.185229084s
Worker 3: Received HTTP status 200 for URL https://www.hypebeast.com in 1.663723553s
Worker 0: Received HTTP status 200 for URL https://www.menards.com in 1.407072584s
Worker 3: Received HTTP status 200 for URL https://www.pocket-lint.com in 2.935291579s
Worker 0: Received HTTP status 200 for URL https://www.google.es in 2.743772778s
Worker 4: Received HTTP status 403 for URL https://www.kompass.com in 4.401861094s
Worker 2: Error pinging https://www.oyan.site after 3.844731463s: Head "https://www.oyan.site": dial tcp: lookup www.oyan.site on 172.22.160.1:53: server misbehaving
Worker 3: Received HTTP status 200 for URL https://www.spanishdict.com in 918.056736ms
Worker 1: Received HTTP status 200 for URL https://www.mappy.com in 4.554854241s
Worker 4: Received HTTP status 200 for URL https://www.ox.ac.uk in 1.213391307s
Worker 3: Received HTTP status 200 for URL https://www.dell.com in 1.047624508s
Worker 2: Received HTTP status 200 for URL https://www.in.gov in 1.258594294s
Worker 1: Received HTTP status 200 for URL https://www.hilton.com in 1.252073368s
Worker 0: Received HTTP status 200 for URL https://www.actu.fr in 2.63978715s
Worker 4: Received HTTP status 200 for URL https://www.bfmtv.com in 1.359286741s
Worker 2: Received HTTP status 200 for URL https://www.yardbarker.com in 1.906353516s
Worker 4: Received HTTP status 200 for URL https://www.omnicalculator.com in 2.112774222s
Worker 0: Received HTTP status 200 for URL https://www.tripadvisor.fr in 2.835797928s
Worker 2: Received HTTP status 200 for URL https://www.cargurus.com in 1.97791738s
Worker 1: Received HTTP status 200 for URL https://www.translated.net in 3.542818578s
Worker 3: Received HTTP status 200 for URL https://www.gaana.com in 4.070630185s
Worker 4: Received HTTP status 200 for URL https://www.inverse.com in 836.812054ms
Worker 2: Received HTTP status 200 for URL https://www.ucdavis.edu in 1.401774736s
Worker 1: Received HTTP status 200 for URL https://www.usembassy.gov in 1.896427061s
Worker 3: Received HTTP status 200 for URL https://www.stern.de in 2.321238715s
Worker 0: Error pinging https://www.minhur.site after 3.344426222s: Head "https://www.minhur.site": dial tcp: lookup www.minhur.site on 172.22.160.1:53: server misbehaving
Worker 2: Received HTTP status 200 for URL https://www.androidpolice.com in 1.668065527s
Worker 4: Received HTTP status 200 for URL https://www.idealo.de in 3.263044417s
Worker 0: Received HTTP status 403 for URL https://www.jdpower.com in 544.606585ms
Worker 1: Received HTTP status 200 for URL https://www.msu.edu in 2.632242614s
Worker 2: Received HTTP status 200 for URL https://www.diy.com in 1.696885651s
Worker 0: Received HTTP status 200 for URL https://www.openedition.org in 2.328288312s
Worker 2: Received HTTP status 200 for URL https://www.xda-developers.com in 1.300196713s
Worker 1: Received HTTP status 200 for URL https://www.trivago.com in 1.702521532s
Worker 4: Received HTTP status 200 for URL https://www.forvo.com in 3.182642138s
Worker 2: Received HTTP status 200 for URL https://www.engadget.com in 896.247865ms
Worker 1: Received HTTP status 404 for URL https://www.heb.com in 754.02019ms
Worker 0: Received HTTP status 200 for URL https://www.slate.com in 1.33263838s
Worker 4: Received HTTP status 200 for URL https://www.terra.com.br in 1.307950373s
Worker 3: Received HTTP status 404 for URL https://www.aaa.com in 5.448656314s
Worker 2: Received HTTP status 200 for URL https://www.hola.com in 1.123021967s
Worker 0: Received HTTP status 200 for URL https://www.liveabout.com in 1.229094641s
Worker 4: Received HTTP status 200 for URL https://www.lumenlearning.com in 709.34932ms
Worker 3: Received HTTP status 200 for URL https://www.urdupoint.com in 1.431545955s
Worker 2: Received HTTP status 200 for URL https://www.tesco.com in 1.306422526s
Worker 4: Received HTTP status 200 for URL https://www.ea.com in 1.200520305s
Worker 1: Received HTTP status 307 for URL https://www.unesco.org in 2.825900329s
Worker 0: Received HTTP status 200 for URL https://www.autoblog.com in 1.57181298s
Worker 3: Received HTTP status 200 for URL https://www.sandiegouniontribune.com in 741.820304ms
Worker 2: Received HTTP status 200 for URL https://www.verizon.com in 779.604694ms
Worker 4: Received HTTP status 200 for URL https://www.remax.com in 539.986609ms
Worker 1: Received HTTP status 200 for URL https://www.lanacion.com.ar in 1.232615403s
Worker 0: Received HTTP status 403 for URL https://www.axios.com in 1.225338733s
Worker 2: Received HTTP status 200 for URL https://www.nj.gov in 1.826823889s
Worker 3: Received HTTP status 200 for URL https://www.marketscreener.com in 2.037072002s
Worker 1: Received HTTP status 200 for URL https://www.seamless.com in 1.500196825s
Worker 0: Received HTTP status 200 for URL https://www.corriere.it in 3.073569882s
Worker 2: Received HTTP status 200 for URL https://www.epicurious.com in 2.380889291s
Worker 3: Received HTTP status 200 for URL https://www.glamourmagazine.co.uk in 2.674131937s
Worker 0: Received HTTP status 200 for URL https://www.top-rated.online in 1.405048879s
Worker 3: Received HTTP status 200 for URL https://www.unc.edu in 929.440097ms
Worker 2: Received HTTP status 200 for URL https://www.worldatlas.com in 1.393294983s
Worker 0: Received HTTP status 200 for URL https://www.clarin.com in 419.002281ms
Worker 1: Received HTTP status 200 for URL https://www.wise.com in 3.803648581s
Worker 3: Received HTTP status 200 for URL https://www.faz.net in 1.170964676s
Worker 2: Received HTTP status 200 for URL https://www.mindbodygreen.com in 1.157973798s
Worker 0: Received HTTP status 200 for URL https://www.complex.com in 1.484616843s
Worker 3: Received HTTP status 200 for URL https://www.jagranjosh.com in 1.13110767s
Worker 4: Received HTTP status 403 for URL https://www.abril.com.br in 7.845687071s
Worker 2: Received HTTP status 200 for URL https://www.churchofjesuschrist.org in 1.287907239s
Worker 0: Error pinging https://www.www.gob.mx after 774.867295ms: Head "https://www.www.gob.mx": dial tcp: lookup www.www.gob.mx on 172.22.160.1:53: no such host
Worker 1: Received HTTP status 200 for URL https://www.seattletimes.com in 2.009048127s
Worker 4: Received HTTP status 200 for URL https://www.townandcountrymag.com in 453.776119ms
Worker 2: Received HTTP status 200 for URL https://www.tastingtable.com in 567.965833ms
Worker 0: Received HTTP status 200 for URL https://www.utah.edu in 862.897922ms
Worker 1: Received HTTP status 200 for URL https://www.docomo.ne.jp in 2.45809043s
Worker 3: Received HTTP status 200 for URL https://www.songmeanings.com in 4.032202662s
Worker 2: Received HTTP status 403 for URL https://www.tureng.com in 3.406228344s
Worker 4: Error pinging https://www.tutur.online after 3.943696831s: Head "https://www.tutur.online": dial tcp: lookup www.tutur.online on 172.22.160.1:53: server misbehaving
Worker 0: Received HTTP status 200 for URL https://www.hulu.com in 3.471182075s
Worker 3: Received HTTP status 200 for URL https://www.babycenter.com in 650.343497ms
Worker 1: Received HTTP status 200 for URL https://www.mercadolibre.com.co in 1.849996789s
Worker 2: Received HTTP status 200 for URL https://www.merckmanuals.com in 989.272289ms
Worker 0: Received HTTP status 200 for URL https://www.utexas.edu in 776.858677ms
Worker 3: Received HTTP status 200 for URL https://www.canadiantire.ca in 1.371625069s
Worker 1: Received HTTP status 200 for URL https://www.sfgate.com in 1.402430021s
Worker 0: Received HTTP status 200 for URL https://www.movoto.com in 1.453422139s
Worker 4: Received HTTP status 200 for URL https://www.collegedunia.com in 2.655473876s
Worker 3: Received HTTP status 200 for URL https://www.songtell.com in 1.224310149s
Worker 1: Received HTTP status 200 for URL https://www.nj.com in 1.25662452s
Worker 0: Received HTTP status 200 for URL https://www.brides.com in 480.657335ms
Worker 2: Received HTTP status 200 for URL https://www.state.mn.us in 2.533899006s
Worker 4: Received HTTP status 403 for URL https://www.cylex.de in 654.578545ms
Worker 0: Error pinging https://www.my-best.com after 743.100757ms: Head "https://www.my-best.com": dial tcp: lookup www.my-best.com on 172.22.160.1:53: no such host
Worker 3: Received HTTP status 403 for URL https://www.pixiv.net in 938.965587ms
Worker 2: Received HTTP status 200 for URL https://www.t-online.de in 1.141308418s
Worker 1: Received HTTP status 200 for URL https://www.radaris.com in 1.821788294s
Worker 0: Received HTTP status 200 for URL https://www.rei.com in 1.174866569s
Worker 4: Received HTTP status 200 for URL https://www.mo.gov in 1.473733744s
Worker 2: Received HTTP status 200 for URL https://www.scielo.br in 1.612499178s
Worker 1: Received HTTP status 200 for URL https://www.welt.de in 1.784824708s
Worker 4: Received HTTP status 403 for URL https://www.pitchbook.com in 1.816094404s
Worker 2: Received HTTP status 200 for URL https://www.autotrader.com in 1.866500539s
Worker 3: Received HTTP status 200 for URL https://www.illinois.edu in 4.770705946s
Worker 2: Received HTTP status 200 for URL https://www.jcpenney.com in 654.317571ms
Worker 0: Received HTTP status 200 for URL https://www.stockx.com in 3.846834739s
Worker 1: Error pinging https://www.filgaz.online after 2.241142663s: Head "https://www.filgaz.online": dial tcp: lookup www.filgaz.online on 172.22.160.1:53: server misbehaving
Worker 3: Received HTTP status 405 for URL https://www.grammarly.com in 343.756242ms
Worker 4: Received HTTP status 200 for URL https://www.dbpedia.org in 2.225758959s
Worker 2: Received HTTP status 200 for URL https://www.ihg.com in 571.311472ms
Worker 1: Received HTTP status 200 for URL https://www.teenvogue.com in 595.362262ms
Worker 3: Received HTTP status 200 for URL https://www.arcgis.com in 725.014231ms
Worker 4: Received HTTP status 200 for URL https://www.bu.edu in 935.607617ms
Worker 2: Received HTTP status 200 for URL https://www.bartleby.com in 907.319225ms
Worker 0: Received HTTP status 200 for URL https://www.shein.com in 1.560027086s
Worker 1: Received HTTP status 200 for URL https://www.audible.com in 1.322381456s
Worker 3: Received HTTP status 200 for URL https://www.allocine.fr in 1.269979094s
Worker 2: Received HTTP status 200 for URL https://www.google.co.kr in 1.298134077s
Worker 4: Received HTTP status 200 for URL https://www.mentalfloss.com in 1.657000764s
Worker 1: Received HTTP status 200 for URL https://www.nbcsports.com in 1.409389069s
Worker 0: Received HTTP status 200 for URL https://www.tripadvisor.co in 1.96462182s
Worker 3: Received HTTP status 200 for URL https://www.aajtak.in in 1.401595008s
Worker 4: Received HTTP status 200 for URL https://www.livehindustan.com in 1.938003124s
Worker 1: Received HTTP status 403 for URL https://www.allbiz.com in 1.607438017s
Worker 2: Received HTTP status 200 for URL https://www.navitime.co.jp in 2.370469537s
Worker 0: Received HTTP status 200 for URL https://www.seventeen.com in 1.505387174s
Worker 4: Received HTTP status 200 for URL https://www.minitool.com in 3.165630006s
Worker 1: Received HTTP status 403 for URL https://www.science.org in 3.64234958s
Worker 2: Received HTTP status 200 for URL https://www.alphr.com in 3.841973636s
Worker 0: Received HTTP status 200 for URL https://www.hotelplanner.com in 4.030455886s
Worker 4: Received HTTP status 200 for URL https://www.chip.de in 1.775136696s
Worker 3: Error pinging https://www.e-inspirasi.biz.id after 6.617719298s: Head "https://www.e-inspirasi.biz.id": dial tcp: lookup www.e-inspirasi.biz.id on 172.22.160.1:53: server misbehaving
Worker 1: Received HTTP status 200 for URL https://www.food52.com in 1.627031636s
Worker 4: Received HTTP status 200 for URL https://www.songkick.com in 929.328016ms
Worker 3: Received HTTP status 200 for URL https://www.zeebiz.com in 1.154592519s
Worker 2: Received HTTP status 200 for URL https://www.dotesports.com in 2.702481854s
Worker 3: Received HTTP status 200 for URL https://www.voanews.com in 491.427598ms
Worker 0: Received HTTP status 200 for URL https://www.usarestaurants.info in 2.790100118s
Worker 2: Received HTTP status 403 for URL https://www.ozon.ru in 449.672389ms
Worker 4: Received HTTP status 200 for URL https://www.tripadvisor.de in 1.41798618s
Worker 3: Received HTTP status 200 for URL https://www.otto.de in 657.144202ms
Worker 2: Received HTTP status 200 for URL https://www.mathworks.com in 664.015213ms
Worker 4: Error pinging https://www.ichacha.net after 1.107047434s: Head "https://www.ichacha.net": read tcp 172.22.174.111:54746->107.150.104.80:443: read: connection reset by peer
Worker 1: Received HTTP status 200 for URL https://www.shopee.co.id in 3.646837275s
Worker 3: Received HTTP status 200 for URL https://www.britishcouncil.org in 1.944900922s
Worker 2: Received HTTP status 200 for URL https://www.wionews.com in 2.028451574s
Worker 0: Received HTTP status 200 for URL https://www.ohio.gov in 2.894958069s
Worker 4: Received HTTP status 200 for URL https://www.spiegel.de in 2.873003672s
Worker 0: Received HTTP status 200 for URL https://www.benzinga.com in 1.582473861s
Worker 2: Received HTTP status 200 for URL https://www.indiewire.com in 2.645261992s
Worker 1: Received HTTP status 200 for URL https://www.lazada.com.ph in 3.435687364s
Worker 0: Error pinging https://www.pressbooks.pub after 1.015051789s: Head "https://www.pressbooks.pub": remote error: tls: handshake failure
Worker 4: Received HTTP status 200 for URL https://www.meinestadt.de in 1.584566152s
Worker 3: Received HTTP status 200 for URL https://www.knowyourmeme.com in 3.303520492s
Worker 1: Received HTTP status 200 for URL https://www.sueddeutsche.de in 1.063937986s
Worker 0: Received HTTP status 200 for URL https://www.francebleu.fr in 1.713172764s
Worker 3: Received HTTP status 200 for URL https://www.bukalapak.com in 2.045478108s
Worker 4: Received HTTP status 200 for URL https://www.maryland.gov in 2.234966032s
Worker 1: Received HTTP status 200 for URL https://www.hitc.com in 1.955445634s
Worker 2: Received HTTP status 200 for URL https://www.dzen.ru in 3.364702686s
Worker 4: Received HTTP status 200 for URL https://www.synonym.com in 1.108090537s
Worker 3: Received HTTP status 200 for URL https://www.acehardware.com in 1.1959277s
Worker 0: Received HTTP status 200 for URL https://www.pixnet.net in 2.352607737s
Worker 2: Received HTTP status 200 for URL https://www.asda.com in 898.325938ms
Worker 4: Received HTTP status 200 for URL https://www.nhk.or.jp in 2.03138333s
Worker 0: Received HTTP status 200 for URL https://www.oregon.gov in 2.260710287s
Worker 4: Received HTTP status 403 for URL https://www.cybo.com in 1.03593612s
Worker 3: Received HTTP status 200 for URL https://www.okdiario.com in 3.26391939s
Worker 0: Received HTTP status 200 for URL https://www.datanyze.com in 902.252376ms
Worker 4: Received HTTP status 200 for URL https://www.noon.com in 765.771987ms
Worker 1: Received HTTP status 301 for URL https://www.ebay.fr in 4.757280618s
Worker 0: Received HTTP status 200 for URL https://www.ucla.edu in 800.536566ms
Worker 3: Received HTTP status 404 for URL https://www.postmates.com in 1.280494063s
Worker 2: Received HTTP status 200 for URL https://www.stylecaster.com in 3.972412487s
Worker 4: Error pinging https://www.thesaurus.plus after 1.781292009s: Head "https://www.thesaurus.plus": tls: failed to verify certificate: x509: certificate is valid for avavatar.ru, www.avavatar.ru, not www.thesaurus.plus
Worker 1: Received HTTP status 200 for URL https://www.archives.gov in 1.710205977s
Worker 0: Received HTTP status 200 for URL https://www.thenationalnews.com in 1.878987894s
Worker 2: Received HTTP status 200 for URL https://www.apartmenttherapy.com in 2.027720503s
Worker 3: Received HTTP status 200 for URL https://www.khandbahale.com in 2.624387221s
Worker 1: Received HTTP status 200 for URL https://www.aafp.org in 1.677797483s
Worker 2: Received HTTP status 200 for URL https://www.onlyinyourstate.com in 1.389348425s
Worker 0: Received HTTP status 200 for URL https://www.wynk.in in 2.350550336s
Worker 3: Received HTTP status 200 for URL https://www.cedars-sinai.org in 1.640598422s
Worker 2: Received HTTP status 200 for URL https://www.calculator.net in 927.294564ms
Worker 4: Received HTTP status 200 for URL https://www.offerup.com in 3.359267123s
Worker 3: Received HTTP status 200 for URL https://www.plex.tv in 259.892167ms
Worker 0: Received HTTP status 200 for URL https://www.substack.com in 896.596368ms
Worker 2: Received HTTP status 200 for URL https://www.gadgets360.com in 644.393482ms
Worker 4: Received HTTP status 200 for URL https://www.hhs.gov in 745.085359ms
Worker 3: Received HTTP status 403 for URL https://www.cylex.us.com in 754.278955ms
Worker 2: Received HTTP status 200 for URL https://www.motor1.com in 872.09611ms
Worker 1: Received HTTP status 200 for URL https://www.tabelog.com in 3.309199761s
Worker 3: Received HTTP status 200 for URL https://www.linguee.es in 1.278349977s
Worker 0: Received HTTP status 200 for URL https://www.dot.gov in 1.603854259s
Worker 2: Received HTTP status 200 for URL https://www.setlist.fm in 774.288155ms
Worker 4: Received HTTP status 200 for URL https://www.physio-pedia.com in 1.622835368s
Worker 3: Received HTTP status 200 for URL https://www.nintendo.com in 1.331907545s
Worker 1: Received HTTP status 200 for URL https://www.bigw.com.au in 1.619726071s
Worker 0: Received HTTP status 200 for URL https://www.univision.com in 1.92381896s
Worker 4: Received HTTP status 200 for URL https://www.booked.net in 1.993586649s
Worker 1: Received HTTP status 200 for URL https://www.sap.com in 1.736044912s
Worker 2: Received HTTP status 200 for URL https://www.tubitv.com in 3.225657906s
Worker 0: Received HTTP status 200 for URL https://www.youm7.com in 1.47392154s
Worker 4: Received HTTP status 200 for URL https://www.simplilearn.com in 1.518728577s
Worker 3: Received HTTP status 200 for URL https://www.allegro.pl in 3.221157922s
Worker 1: Received HTTP status 200 for URL https://www.theglobeandmail.com in 2.987969925s
86.40% of the URLs were successfully pinged.
Total time taken to ping URLs: 282.890777
