INFO: 2023/11/01 05:19:46 main.go:33: Number of URLs read from the file:  100
INFO: 2023/11/01 05:19:54 main.go:142: Worker 3: Error pinging https://www.t.co: Non-200 HTTP response for https://www.t.co: 404 Not Found
INFO: 2023/11/01 05:20:05 main.go:142: Worker 3: Error pinging https://www.imdb.com: Non-200 HTTP response for https://www.imdb.com: 403 Forbidden
INFO: 2023/11/01 05:20:08 main.go:142: Worker 1: Error pinging https://www.163.com: Non-200 HTTP response for https://www.163.com: 403 Forbidden
INFO: 2023/11/01 05:20:09 main.go:142: Worker 2: Error pinging https://www.aliexpress.com: Get "https://www.aliexpress.us/?gatewayAdapt=glo2usa&_randl_shipto=US": stopped after 10 redirects
INFO: 2023/11/01 05:20:19 main.go:140: Worker 2: Request to https://www.tianya.cn timed out
INFO: 2023/11/01 05:20:20 main.go:140: Worker 0: Request to https://www.google.co.id timed out
INFO: 2023/11/01 05:20:20 main.go:140: Worker 3: Request to https://www.youku.com timed out
INFO: 2023/11/01 05:20:20 main.go:140: Worker 1: Request to https://www.rakuten.co.jp timed out
INFO: 2023/11/01 05:20:20 main.go:140: Worker 4: Request to https://www.craigslist.org timed out
INFO: 2023/11/01 05:20:29 main.go:140: Worker 2: Request to https://www.amazon.de timed out
INFO: 2023/11/01 05:20:30 main.go:140: Worker 0: Request to https://www.nicovideo.jp timed out
INFO: 2023/11/01 05:20:30 main.go:140: Worker 3: Request to https://www.google.pl timed out
INFO: 2023/11/01 05:20:30 main.go:140: Worker 1: Request to https://www.soso.com timed out
INFO: 2023/11/01 05:20:30 main.go:140: Worker 4: Request to https://www.bilibili.com timed out
INFO: 2023/11/01 05:20:39 main.go:140: Worker 2: Request to https://www.dropbox.com timed out
INFO: 2023/11/01 05:20:40 main.go:140: Worker 0: Request to https://www.xinhuanet.com timed out
INFO: 2023/11/01 05:20:40 main.go:140: Worker 3: Request to https://www.outbrain.com timed out
INFO: 2023/11/01 05:20:40 main.go:140: Worker 1: Request to https://www.pixnet.net timed out
INFO: 2023/11/01 05:20:40 main.go:140: Worker 4: Request to https://www.alibaba.com timed out
INFO: 2023/11/01 05:20:43 main.go:142: Worker 0: Error pinging https://www.microsoftonline.com: Get "https://www.microsoftonline.com": dial tcp: lookup www.microsoftonline.com on 172.22.160.1:53: no such host
INFO: 2023/11/01 05:20:44 main.go:142: Worker 1: Error pinging https://www.googleusercontent.com: Non-200 HTTP response for https://www.googleusercontent.com: 404 Not Found
INFO: 2023/11/01 05:20:48 main.go:142: Worker 1: Error pinging https://www.googleadservices.com: Non-200 HTTP response for https://www.googleadservices.com: 404 Not Found
INFO: 2023/11/01 05:20:48 main.go:142: Worker 4: Error pinging https://www.accuweather.com: Get "https://www.accuweather.com": stream error: stream ID 1; INTERNAL_ERROR; received from peer
INFO: 2023/11/01 05:20:48 main.go:142: Worker 1: Error pinging https://www.googleweblight.com: Non-200 HTTP response for https://www.googleweblight.com: 404 Not Found
INFO: 2023/11/01 05:20:50 main.go:62: 76.00% of the URLs were successfully pinged.
INFO: 2023/11/01 05:20:50 main.go:65: Total time taken to ping URLs: 64.218772
