Number of URLs read from the file: 100
Worker 4: Error pinging https://www.youtube.com: lookup https://www.youtube.com: no such host
Worker 4: Error pinging https://www.amazon.com: lookup https://www.amazon.com: no such host
Worker 4: Error pinging https://www.wikipedia.org: lookup https://www.wikipedia.org: no such host
Worker 4: Error pinging https://www.qq.com: lookup https://www.qq.com: no such host
Worker 4: Error pinging https://www.twitter.com: lookup https://www.twitter.com: no such host
Worker 4: Error pinging https://www.live.com: lookup https://www.live.com: no such host
Worker 3: Error pinging https://www.google.co.in: lookup https://www.google.co.in: no such host
Worker 4: Error pinging https://www.taobao.com: lookup https://www.taobao.com: no such host
Worker 3: Error pinging https://www.bing.com: lookup https://www.bing.com: no such host
Worker 4: Error pinging https://www.instagram.com: lookup https://www.instagram.com: no such host
Worker 3: Error pinging https://www.weibo.com: lookup https://www.weibo.com: no such host
Worker 4: Error pinging https://www.sina.com.cn: lookup https://www.sina.com.cn: no such host
Worker 3: Error pinging https://www.linkedin.com: lookup https://www.linkedin.com: no such host
Worker 4: Error pinging https://www.yahoo.co.jp: lookup https://www.yahoo.co.jp: no such host
Worker 3: Error pinging https://www.msn.com: lookup https://www.msn.com: no such host
Worker 4: Error pinging https://www.vk.com: lookup https://www.vk.com: no such host
Worker 0: Error pinging https://www.yahoo.com: lookup https://www.yahoo.com: no such host
Worker 0: Error pinging https://www.hao123.com: lookup https://www.hao123.com: no such host
Worker 0: Error pinging https://www.google.co.uk: lookup https://www.google.co.uk: no such host
Worker 0: Error pinging https://www.reddit.com: lookup https://www.reddit.com: no such host
Worker 3: Error pinging https://www.google.de: lookup https://www.google.de: no such host
Worker 0: Error pinging https://www.ebay.com: lookup https://www.ebay.com: no such host
Worker 3: Error pinging https://www.google.fr: lookup https://www.google.fr: no such host
Worker 2: Error pinging https://www.baidu.com: lookup https://www.baidu.com: no such host
Worker 0: Error pinging https://www.t.co: lookup https://www.t.co: no such host
Worker 3: Error pinging https://www.tmall.com: lookup https://www.tmall.com: no such host
Worker 0: Error pinging https://www.360.cn: lookup https://www.360.cn: no such host
Worker 3: Error pinging https://www.sohu.com: lookup https://www.sohu.com: no such host
Worker 0: Error pinging https://www.amazon.co.jp: lookup https://www.amazon.co.jp: no such host
Worker 2: Error pinging https://www.google.com.br: lookup https://www.google.com.br: no such host
Worker 0: Error pinging https://www.netflix.com: lookup https://www.netflix.com: no such host
Worker 3: Error pinging https://www.pinterest.com: lookup https://www.pinterest.com: no such host
Worker 3: Error pinging https://www.microsoft.com: lookup https://www.microsoft.com: no such host
Worker 4: Error pinging https://www.yandex.ru: lookup https://www.yandex.ru: no such host
Worker 3: Error pinging https://www.google.es: lookup https://www.google.es: no such host
Worker 3: Error pinging https://www.gmw.cn: lookup https://www.gmw.cn: no such host
Worker 2: Error pinging https://www.google.it: lookup https://www.google.it: no such host
Worker 3: Error pinging https://www.tumblr.com: lookup https://www.tumblr.com: no such host
Worker 4: Error pinging https://www.wordpress.com: lookup https://www.wordpress.com: no such host
Worker 3: Error pinging https://www.blogspot.com: lookup https://www.blogspot.com: no such host
Worker 2: Error pinging https://www.paypal.com: lookup https://www.paypal.com: no such host
Worker 3: Error pinging https://www.stackoverflow.com: lookup https://www.stackoverflow.com: no such host
Worker 4: Error pinging https://www.imgur.com: lookup https://www.imgur.com: no such host
Worker 3: Error pinging https://www.naver.com: lookup https://www.naver.com: no such host
Worker 2: Error pinging https://www.aliexpress.com: lookup https://www.aliexpress.com: no such host
Worker 3: Error pinging https://www.apple.com: lookup https://www.apple.com: no such host
Worker 0: Error pinging https://www.google.ru: lookup https://www.google.ru: no such host
Worker 4: Error pinging https://www.ok.ru: lookup https://www.ok.ru: no such host
Worker 3: Error pinging https://www.chinadaily.com.cn: lookup https://www.chinadaily.com.cn: no such host
Worker 0: Error pinging https://www.imdb.com: lookup https://www.imdb.com: no such host
Worker 3: Error pinging https://www.fc2.com: lookup https://www.fc2.com: no such host
Worker 2: Error pinging https://www.github.com: lookup https://www.github.com: no such host
Worker 4: Error pinging https://www.google.co.kr: lookup https://www.google.co.kr: no such host
Worker 3: Error pinging https://www.blogger.com: lookup https://www.blogger.com: no such host
Worker 2: Error pinging https://www.163.com: lookup https://www.163.com: no such host
Worker 3: Error pinging https://www.whatsapp.com: lookup https://www.whatsapp.com: no such host
Worker 4: Error pinging https://www.google.ca: lookup https://www.google.ca: no such host
Worker 0: Error pinging https://www.jd.com: lookup https://www.jd.com: no such host
Worker 2: Error pinging https://www.amazon.in: lookup https://www.amazon.in: no such host
Worker 4: Error pinging https://www.tianya.cn: lookup https://www.tianya.cn: no such host
Worker 0: Error pinging https://www.google.co.id: lookup https://www.google.co.id: no such host
Worker 3: Error pinging https://www.office.com: lookup https://www.office.com: no such host
Worker 0: Error pinging https://www.craigslist.org: lookup https://www.craigslist.org: no such host
Worker 2: Error pinging https://www.youku.com: lookup https://www.youku.com: no such host
Worker 4: Error pinging https://www.rakuten.co.jp: lookup https://www.rakuten.co.jp: no such host
Worker 3: Error pinging https://www.amazon.de: lookup https://www.amazon.de: no such host
Worker 0: Error pinging https://www.nicovideo.jp: lookup https://www.nicovideo.jp: no such host
Worker 3: Error pinging https://www.bilibili.com: lookup https://www.bilibili.com: no such host
Worker 2: Error pinging https://www.google.pl: lookup https://www.google.pl: no such host
Worker 0: Error pinging https://www.dropbox.com: lookup https://www.dropbox.com: no such host
Worker 3: Error pinging https://www.xinhuanet.com: lookup https://www.xinhuanet.com: no such host
Worker 0: Error pinging https://www.pixnet.net: lookup https://www.pixnet.net: no such host
Worker 4: Error pinging https://www.soso.com: lookup https://www.soso.com: no such host
Worker 3: Error pinging https://www.alibaba.com: lookup https://www.alibaba.com: no such host
Worker 1: Error pinging https://www.facebook.com: lookup https://www.facebook.com: no such host
Worker 2: Error pinging https://www.outbrain.com: lookup https://www.outbrain.com: no such host
Worker 0: Error pinging https://www.alipay.com: lookup https://www.alipay.com: no such host
Worker 3: Error pinging https://www.booking.com: lookup https://www.booking.com: no such host
Worker 4: Error pinging https://www.microsoftonline.com: lookup https://www.microsoftonline.com: no such host
Worker 1: Error pinging https://www.googleusercontent.com: lookup https://www.googleusercontent.com: no such host
Worker 0: Error pinging https://www.popads.net: lookup https://www.popads.net: no such host
Worker 3: Error pinging https://www.cntv.cn: lookup https://www.cntv.cn: no such host
Worker 2: Error pinging https://www.google.com.au: lookup https://www.google.com.au: no such host
Worker 1: Error pinging https://www.diply.com: lookup https://www.diply.com: no such host
Worker 0: Error pinging https://www.amazon.co.uk: lookup https://www.amazon.co.uk: no such host
Worker 3: Error pinging https://www.coccoc.com: lookup https://www.coccoc.com: no such host
Worker 4: Error pinging https://www.zhihu.com: lookup https://www.zhihu.com: no such host
Worker 0: Error pinging https://www.twitch.tv: lookup https://www.twitch.tv: no such host
Worker 3: Error pinging https://www.wikia.com: lookup https://www.wikia.com: no such host
Worker 1: Error pinging https://www.bbc.co.uk: lookup https://www.bbc.co.uk: no such host
Worker 2: Error pinging https://www.cnn.com: lookup https://www.cnn.com: no such host
Worker 0: Error pinging https://www.go.com: lookup https://www.go.com: no such host
Worker 3: Error pinging https://www.google.com.ph: lookup https://www.google.com.ph: no such host
Worker 1: Error pinging https://www.doubleclick.net: lookup https://www.doubleclick.net: no such host
Worker 0: Error pinging https://www.googleadservices.com: lookup https://www.googleadservices.com: no such host
Worker 3: Error pinging https://www.accuweather.com: lookup https://www.accuweather.com: no such host
Worker 1: Error pinging https://www.googleweblight.com: lookup https://www.googleweblight.com: no such host
Worker 4: Error pinging https://www.google.co.th: lookup https://www.google.co.th: no such host
Worker 0: Error pinging https://www.answers.yahoo.com: lookup https://www.answers.yahoo.com: no such host
Worker 2: Error pinging https://www.onet.pl: lookup https://www.onet.pl: no such host
0.00% of the URLs were successfully pinged.
Total time taken to ping URLs: 0.000995